#
# A fatal error has been detected by the Java Runtime Environment:
#
#  EXCEPTION_ACCESS_VIOLATION (0xc0000005) at pc=0x00007ffd0c7dc5b9, pid=5152, tid=35632
#
# JRE version: OpenJDK Runtime Environment (20.0.1+9) (build 20.0.1+9-29)
# Java VM: OpenJDK 64-Bit Server VM (20.0.1+9-29, mixed mode, sharing, tiered, compressed oops, compressed class ptrs, g1 gc, windows-amd64)
# Problematic frame:
# C  [lwjgl_opengl.dll+0xc5b9]
#
# No core dump will be written. Minidumps are not enabled by default on client versions of Windows
#
# If you would like to submit a bug report, please visit:
#   https://bugreport.java.com/bugreport/crash.jsp
# The crash happened outside the Java Virtual Machine in native code.
# See problematic frame for where to report the bug.
#

---------------  S U M M A R Y ------------

Command Line: -Dfile.encoding=windows-1252 -Duser.country=GB -Duser.language=en -Duser.variant de.igelstudios.ClientMain

Host: Intel(R) Core(TM) i7-10700F CPU @ 2.90GHz, 16 cores, 47G,  Windows 10 , 64 bit Build 19041 (10.0.19041.2913)
Time: Sun Jun 11 02:04:38 2023 W. Europe Summer Time elapsed time: 0.657993 seconds (0d 0h 0m 0s)

---------------  T H R E A D  ---------------

Current thread (0x000001dd57106870):  JavaThread "Thread-0" [_thread_in_native, id=35632, stack(0x0000003c91f00000,0x0000003c92000000)]

Stack: [0x0000003c91f00000,0x0000003c92000000],  sp=0x0000003c91fff528,  free space=1021k
Native frames: (J=compiled Java code, j=interpreted, Vv=VM code, C=native code)
C  [lwjgl_opengl.dll+0xc5b9]

Java frames: (J=compiled Java code, j=interpreted, Vv=VM code)
j  org.lwjgl.opengl.GL11C.glClearColor(FFFF)V+0
j  org.lwjgl.opengl.GL11.glClearColor(FFFF)V+4
j  de.igelstudios.igelengine.client.ClientEngine.run()V+70
v  ~StubRoutines::call_stub 0x000001dd321a100d

siginfo: EXCEPTION_ACCESS_VIOLATION (0xc0000005), reading address 0x0000000000000070


Registers:
RAX=0x000001dd5729d380, RBX=0x000001dd4ed3fbb0, RCX=0x0000000000000000, RDX=0x0000003c91fff5d0
RSP=0x0000003c91fff528, RBP=0x0000003c91fff5c0, RSI=0x000001dd4e82fc58, RDI=0x000001dd321bdf59
R8 =0x0000000000000004, R9 =0x0000000000000004, R10=0x000001dd321c1fc4, R11=0x00000005329ed9a8
R12=0x0000000000000000, R13=0x000001dd4ed3fba8, R14=0x0000003c91fff5f8, R15=0x000001dd57106870
RIP=0x00007ffd0c7dc5b9, EFLAGS=0x0000000000010202


Register to memory mapping:

RIP=0x00007ffd0c7dc5b9 lwjgl_opengl.dll
RAX=0x000001dd5729d380 points into unknown readable memory: 0x0000000000000000 | 00 00 00 00 00 00 00 00
RBX={method} {0x000001dd4ed3fbb8} 'glClearColor' '(FFFF)V' in 'org/lwjgl/opengl/GL11C'
RCX=0x0 is NULL
RDX=0x0000003c91fff5d0 is pointing into the stack for thread: 0x000001dd57106870
RSP=0x0000003c91fff528 is pointing into the stack for thread: 0x000001dd57106870
RBP=0x0000003c91fff5c0 is pointing into the stack for thread: 0x000001dd57106870
RSI=0x000001dd4e82fc58 is pointing into metadata
RDI=0x000001dd321bdf59 is at code_begin+1305 in an Interpreter codelet
return entry points  [0x000001dd321bda40, 0x000001dd321be508]  2760 bytes
R8 =0x0000000000000004 is an unknown value
R9 =0x0000000000000004 is an unknown value
R10=0x000001dd321c1fc4 is at code_begin+996 in an Interpreter codelet
method entry point (kind = native)  [0x000001dd321c1be0, 0x000001dd321c26d0]  2800 bytes
R11=0x00000005329ed9a8 is an oop: java.lang.Class 
{0x00000005329ed9a8} - klass: 'java/lang/Class'
 - ---- fields (total size 116 words):
 - private volatile transient 'classRedefinedCount' 'I' @12  0 (0x00000000)
 - abstract internal 'klass' 'J' @16  34376595064 (0x0000000801013678)
 - abstract internal 'array_klass' 'J' @24  0 (0x0000000000000000)
 - abstract internal 'oop_size' 'I' @32  116 (0x00000074)
 - abstract internal 'static_oop_field_count' 'I' @36  0 (0x00000000)
 - private volatile transient 'cachedConstructor' 'Ljava/lang/reflect/Constructor;' @40  NULL (0x00000000)
 - private transient 'name' 'Ljava/lang/String;' @44  "org.lwjgl.opengl.GL11C"{0x00000005329edd48} (0xa653dba9)
 - private transient 'module' 'Ljava/lang/Module;' @48  a 'java/lang/Module'{0x000000053307f360} (0xa660fe6c)
 - private final 'classLoader' 'Ljava/lang/ClassLoader;' @52  a 'jdk/internal/loader/ClassLoaders$AppClassLoader'{0x000000053307f1a0} (0xa660fe34)
 - private transient 'classData' 'Ljava/lang/Object;' @56  NULL (0x00000000)
 - private transient 'packageName' 'Ljava/lang/String;' @60  "org.lwjgl.opengl"{0x00000005328a7930} (0xa6514f26)
 - private final 'componentType' 'Ljava/lang/Class;' @64  NULL (0x00000000)
 - private volatile transient 'reflectionData' 'Ljava/lang/ref/SoftReference;' @68  NULL (0x00000000)
 - private volatile transient 'genericInfo' 'Lsun/reflect/generics/repository/ClassRepository;' @72  NULL (0x00000000)
 - private volatile transient 'enumConstants' '[Ljava/lang/Object;' @76  NULL (0x00000000)
 - private volatile transient 'enumConstantDirectory' 'Ljava/util/Map;' @80  NULL (0x00000000)
 - private volatile transient 'annotationData' 'Ljava/lang/Class$AnnotationData;' @84  NULL (0x00000000)
 - private volatile transient 'annotationType' 'Lsun/reflect/annotation/AnnotationType;' @88  NULL (0x00000000)
 - transient 'classValueMap' 'Ljava/lang/ClassValue$ClassValueMap;' @92  NULL (0x00000000)
 - abstract internal 'protection_domain' 'Ljava/lang/Object;' @96  a 'java/security/ProtectionDomain'{0x00000005328e73e0} (0xa651ce7c)
 - abstract internal 'signers_name' 'Ljava/lang/Object;' @100  NULL (0x00000000)
 - abstract internal 'source_file' 'Ljava/lang/Object;' @104  NULL (0x00000000)
 - signature: Lorg/lwjgl/opengl/GL11C;
 - ---- static fields (0):
 - public static final 'GL_NEVER' 'I' @112  512 (0x00000200)
 - public static final 'GL_LESS' 'I' @116  513 (0x00000201)
 - public static final 'GL_EQUAL' 'I' @120  514 (0x00000202)
 - public static final 'GL_LEQUAL' 'I' @124  515 (0x00000203)
 - public static final 'GL_GREATER' 'I' @128  516 (0x00000204)
 - public static final 'GL_NOTEQUAL' 'I' @132  517 (0x00000205)
 - public static final 'GL_GEQUAL' 'I' @136  518 (0x00000206)
 - public static final 'GL_ALWAYS' 'I' @140  519 (0x00000207)
 - public static final 'GL_DEPTH_BUFFER_BIT' 'I' @144  256 (0x00000100)
 - public static final 'GL_STENCIL_BUFFER_BIT' 'I' @148  1024 (0x00000400)
 - public static final 'GL_COLOR_BUFFER_BIT' 'I' @152  16384 (0x00004000)
 - public static final 'GL_POINTS' 'I' @156  0 (0x00000000)
 - public static final 'GL_LINES' 'I' @160  1 (0x00000001)
 - public static final 'GL_LINE_LOOP' 'I' @164  2 (0x00000002)
 - public static final 'GL_LINE_STRIP' 'I' @168  3 (0x00000003)
 - public static final 'GL_TRIANGLES' 'I' @172  4 (0x00000004)
 - public static final 'GL_TRIANGLE_STRIP' 'I' @176  5 (0x00000005)
 - public static final 'GL_TRIANGLE_FAN' 'I' @180  6 (0x00000006)
 - public static final 'GL_QUADS' 'I' @184  7 (0x00000007)
 - public static final 'GL_ZERO' 'I' @188  0 (0x00000000)
 - public static final 'GL_ONE' 'I' @192  1 (0x00000001)
 - public static final 'GL_SRC_COLOR' 'I' @196  768 (0x00000300)
 - public static final 'GL_ONE_MINUS_SRC_COLOR' 'I' @200  769 (0x00000301)
 - public static final 'GL_SRC_ALPHA' 'I' @204  770 (0x00000302)
 - public static final 'GL_ONE_MINUS_SRC_ALPHA' 'I' @208  771 (0x00000303)
 - public static final 'GL_DST_ALPHA' 'I' @212  772 (0x00000304)
 - public static final 'GL_ONE_MINUS_DST_ALPHA' 'I' @216  773 (0x00000305)
 - public static final 'GL_DST_COLOR' 'I' @220  774 (0x00000306)
 - public static final 'GL_ONE_MINUS_DST_COLOR' 'I' @224  775 (0x00000307)
 - public static final 'GL_SRC_ALPHA_SATURATE' 'I' @228  776 (0x00000308)
 - public static final 'GL_TRUE' 'I' @232  1 (0x00000001)
 - public static final 'GL_FALSE' 'I' @236  0 (0x00000000)
 - public static final 'GL_BYTE' 'I' @240  5120 (0x00001400)
 - public static final 'GL_UNSIGNED_BYTE' 'I' @244  5121 (0x00001401)
 - public static final 'GL_SHORT' 'I' @248  5122 (0x00001402)
 - public static final 'GL_UNSIGNED_SHORT' 'I' @252  5123 (0x00001403)
 - public static final 'GL_INT' 'I' @256  5124 (0x00001404)
 - public static final 'GL_UNSIGNED_INT' 'I' @260  5125 (0x00001405)
 - public static final 'GL_FLOAT' 'I' @264  5126 (0x00001406)
 - public static final 'GL_DOUBLE' 'I' @268  5130 (0x0000140a)
 - public static final 'GL_NONE' 'I' @272  0 (0x00000000)
 - public static final 'GL_FRONT_LEFT' 'I' @276  1024 (0x00000400)
 - public static final 'GL_FRONT_RIGHT' 'I' @280  1025 (0x00000401)
 - public static final 'GL_BACK_LEFT' 'I' @284  1026 (0x00000402)
 - public static final 'GL_BACK_RIGHT' 'I' @288  1027 (0x00000403)
 - public static final 'GL_FRONT' 'I' @292  1028 (0x00000404)
 - public static final 'GL_BACK' 'I' @296  1029 (0x00000405)
 - public static final 'GL_LEFT' 'I' @300  1030 (0x00000406)
 - public static final 'GL_RIGHT' 'I' @304  1031 (0x00000407)
 - public static final 'GL_FRONT_AND_BACK' 'I' @308  1032 (0x00000408)
 - public static final 'GL_NO_ERROR' 'I' @312  0 (0x00000000)
 - public static final 'GL_INVALID_ENUM' 'I' @316  1280 (0x00000500)
 - public static final 'GL_INVALID_VALUE' 'I' @320  1281 (0x00000501)
 - public static final 'GL_INVALID_OPERATION' 'I' @324  1282 (0x00000502)
 - public static final 'GL_STACK_OVERFLOW' 'I' @328  1283 (0x00000503)
 - public static final 'GL_STACK_UNDERFLOW' 'I' @332  1284 (0x00000504)
 - public static final 'GL_OUT_OF_MEMORY' 'I' @336  1285 (0x00000505)
 - public static final 'GL_CW' 'I' @340  2304 (0x00000900)
 - public static final 'GL_CCW' 'I' @344  2305 (0x00000901)
 - public static final 'GL_POINT_SIZE' 'I' @348  2833 (0x00000b11)
 - public static final 'GL_POINT_SIZE_RANGE' 'I' @352  2834 (0x00000b12)
 - public static final 'GL_POINT_SIZE_GRANULARITY' 'I' @356  2835 (0x00000b13)
 - public static final 'GL_LINE_SMOOTH' 'I' @360  2848 (0x00000b20)
 - public static final 'GL_LINE_WIDTH' 'I' @364  2849 (0x00000b21)
 - public static final 'GL_LINE_WIDTH_RANGE' 'I' @368  2850 (0x00000b22)
 - public static final 'GL_LINE_WIDTH_GRANULARITY' 'I' @372  2851 (0x00000b23)
 - public static final 'GL_POLYGON_MODE' 'I' @376  2880 (0x00000b40)
 - public static final 'GL_POLYGON_SMOOTH' 'I' @380  2881 (0x00000b41)
 - public static final 'GL_CULL_FACE' 'I' @384  2884 (0x00000b44)
 - public static final 'GL_CULL_FACE_MODE' 'I' @388  2885 (0x00000b45)
 - public static final 'GL_FRONT_FACE' 'I' @392  2886 (0x00000b46)
 - public static final 'GL_DEPTH_RANGE' 'I' @396  2928 (0x00000b70)
 - public static final 'GL_DEPTH_TEST' 'I' @400  2929 (0x00000b71)
 - public static final 'GL_DEPTH_WRITEMASK' 'I' @404  2930 (0x00000b72)
 - public static final 'GL_DEPTH_CLEAR_VALUE' 'I' @408  2931 (0x00000b73)
 - public static final 'GL_DEPTH_FUNC' 'I' @412  2932 (0x00000b74)
 - public static final 'GL_STENCIL_TEST' 'I' @416  2960 (0x00000b90)
 - public static final 'GL_STENCIL_CLEAR_VALUE' 'I' @420  2961 (0x00000b91)
 - public static final 'GL_STENCIL_FUNC' 'I' @424  2962 (0x00000b92)
 - public static final 'GL_STENCIL_VALUE_MASK' 'I' @428  2963 (0x00000b93)
 - public static final 'GL_STENCIL_FAIL' 'I' @432  2964 (0x00000b94)
 - public static final 'GL_STENCIL_PASS_DEPTH_FAIL' 'I' @436  2965 (0x00000b95)
 - public static final 'GL_STENCIL_PASS_DEPTH_PASS' 'I' @440  2966 (0x00000b96)
 - public static final 'GL_STENCIL_REF' 'I' @444  2967 (0x00000b97)
 - public static final 'GL_STENCIL_WRITEMASK' 'I' @448  2968 (0x00000b98)
 - public static final 'GL_VIEWPORT' 'I' @452  2978 (0x00000ba2)
 - public static final 'GL_DITHER' 'I' @456  3024 (0x00000bd0)
 - public static final 'GL_BLEND_DST' 'I' @460  3040 (0x00000be0)
 - public static final 'GL_BLEND_SRC' 'I' @464  3041 (0x00000be1)
 - public static final 'GL_BLEND' 'I' @468  3042 (0x00000be2)
 - public static final 'GL_LOGIC_OP_MODE' 'I' @472  3056 (0x00000bf0)
 - public static final 'GL_COLOR_LOGIC_OP' 'I' @476  3058 (0x00000bf2)
 - public static final 'GL_DRAW_BUFFER' 'I' @480  3073 (0x00000c01)
 - public static final 'GL_READ_BUFFER' 'I' @484  3074 (0x00000c02)
 - public static final 'GL_SCISSOR_BOX' 'I' @488  3088 (0x00000c10)
 - public static final 'GL_SCISSOR_TEST' 'I' @492  3089 (0x00000c11)
 - public static final 'GL_COLOR_CLEAR_VALUE' 'I' @496  3106 (0x00000c22)
 - public static final 'GL_COLOR_WRITEMASK' 'I' @500  3107 (0x00000c23)
 - public static final 'GL_DOUBLEBUFFER' 'I' @504  3122 (0x00000c32)
 - public static final 'GL_STEREO' 'I' @508  3123 (0x00000c33)
 - public static final 'GL_LINE_SMOOTH_HINT' 'I' @512  3154 (0x00000c52)
 - public static final 'GL_POLYGON_SMOOTH_HINT' 'I' @516  3155 (0x00000c53)
 - public static final 'GL_UNPACK_SWAP_BYTES' 'I' @520  3312 (0x00000cf0)
 - public static final 'GL_UNPACK_LSB_FIRST' 'I' @524  3313 (0x00000cf1)
 - public static final 'GL_UNPACK_ROW_LENGTH' 'I' @528  3314 (0x00000cf2)
 - public static final 'GL_UNPACK_SKIP_ROWS' 'I' @532  3315 (0x00000cf3)
 - public static final 'GL_UNPACK_SKIP_PIXELS' 'I' @536  3316 (0x00000cf4)
 - public static final 'GL_UNPACK_ALIGNMENT' 'I' @540  3317 (0x00000cf5)
 - public static final 'GL_PACK_SWAP_BYTES' 'I' @544  3328 (0x00000d00)
 - public static final 'GL_PACK_LSB_FIRST' 'I' @548  3329 (0x00000d01)
 - public static final 'GL_PACK_ROW_LENGTH' 'I' @552  3330 (0x00000d02)
 - public static final 'GL_PACK_SKIP_ROWS' 'I' @556  3331 (0x00000d03)
 - public static final 'GL_PACK_SKIP_PIXELS' 'I' @560  3332 (0x00000d04)
 - public static final 'GL_PACK_ALIGNMENT' 'I' @564  3333 (0x00000d05)
 - public static final 'GL_MAX_TEXTURE_SIZE' 'I' @568  3379 (0x00000d33)
 - public static final 'GL_MAX_VIEWPORT_DIMS' 'I' @572  3386 (0x00000d3a)
 - public static final 'GL_SUBPIXEL_BITS' 'I' @576  3408 (0x00000d50)
 - public static final 'GL_TEXTURE_1D' 'I' @580  3552 (0x00000de0)
 - public static final 'GL_TEXTURE_2D' 'I' @584  3553 (0x00000de1)
 - public static final 'GL_TEXTURE_WIDTH' 'I' @588  4096 (0x00001000)
 - public static final 'GL_TEXTURE_HEIGHT' 'I' @592  4097 (0x00001001)
 - public static final 'GL_TEXTURE_INTERNAL_FORMAT' 'I' @596  4099 (0x00001003)
 - public static final 'GL_TEXTURE_BORDER_COLOR' 'I' @600  4100 (0x00001004)
 - public static final 'GL_DONT_CARE' 'I' @604  4352 (0x00001100)
 - public static final 'GL_FASTEST' 'I' @608  4353 (0x00001101)
 - public static final 'GL_NICEST' 'I' @612  4354 (0x00001102)
 - public static final 'GL_CLEAR' 'I' @616  5376 (0x00001500)
 - public static final 'GL_AND' 'I' @620  5377 (0x00001501)
 - public static final 'GL_AND_REVERSE' 'I' @624  5378 (0x00001502)
 - public static final 'GL_COPY' 'I' @628  5379 (0x00001503)
 - public static final 'GL_AND_INVERTED' 'I' @632  5380 (0x00001504)
 - public static final 'GL_NOOP' 'I' @636  5381 (0x00001505)
 - public static final 'GL_XOR' 'I' @640  5382 (0x00001506)
 - public static final 'GL_OR' 'I' @644  5383 (0x00001507)
 - public static final 'GL_NOR' 'I' @648  5384 (0x00001508)
 - public static final 'GL_EQUIV' 'I' @652  5385 (0x00001509)
 - public static final 'GL_INVERT' 'I' @656  5386 (0x0000150a)
 - public static final 'GL_OR_REVERSE' 'I' @660  5387 (0x0000150b)
 - public static final 'GL_COPY_INVERTED' 'I' @664  5388 (0x0000150c)
 - public static final 'GL_OR_INVERTED' 'I' @668  5389 (0x0000150d)
 - public static final 'GL_NAND' 'I' @672  5390 (0x0000150e)
 - public static final 'GL_SET' 'I' @676  5391 (0x0000150f)
 - public static final 'GL_TEXTURE' 'I' @680  5890 (0x00001702)
 - public static final 'GL_COLOR' 'I' @684  6144 (0x00001800)
 - public static final 'GL_DEPTH' 'I' @688  6145 (0x00001801)
 - public static final 'GL_STENCIL' 'I' @692  6146 (0x00001802)
 - public static final 'GL_STENCIL_INDEX' 'I' @696  6401 (0x00001901)
 - public static final 'GL_DEPTH_COMPONENT' 'I' @700  6402 (0x00001902)
 - public static final 'GL_RED' 'I' @704  6403 (0x00001903)
 - public static final 'GL_GREEN' 'I' @708  6404 (0x00001904)
 - public static final 'GL_BLUE' 'I' @712  6405 (0x00001905)
 - public static final 'GL_ALPHA' 'I' @716  6406 (0x00001906)
 - public static final 'GL_RGB' 'I' @720  6407 (0x00001907)
 - public static final 'GL_RGBA' 'I' @724  6408 (0x00001908)
 - public static final 'GL_POINT' 'I' @728  6912 (0x00001b00)
 - public static final 'GL_LINE' 'I' @732  6913 (0x00001b01)
 - public static final 'GL_FILL' 'I' @736  6914 (0x00001b02)
 - public static final 'GL_KEEP' 'I' @740  7680 (0x00001e00)
 - public static final 'GL_REPLACE' 'I' @744  7681 (0x00001e01)
 - public static final 'GL_INCR' 'I' @748  7682 (0x00001e02)
 - public static final 'GL_DECR' 'I' @752  7683 (0x00001e03)
 - public static final 'GL_VENDOR' 'I' @756  7936 (0x00001f00)
 - public static final 'GL_RENDERER' 'I' @760  7937 (0x00001f01)
 - public static final 'GL_VERSION' 'I' @764  7938 (0x00001f02)
 - public static final 'GL_EXTENSIONS' 'I' @768  7939 (0x00001f03)
 - public static final 'GL_NEAREST' 'I' @772  9728 (0x00002600)
 - public static final 'GL_LINEAR' 'I' @776  9729 (0x00002601)
 - public static final 'GL_NEAREST_MIPMAP_NEAREST' 'I' @780  9984 (0x00002700)
 - public static final 'GL_LINEAR_MIPMAP_NEAREST' 'I' @784  9985 (0x00002701)
 - public static final 'GL_NEAREST_MIPMAP_LINEAR' 'I' @788  9986 (0x00002702)
 - public static final 'GL_LINEAR_MIPMAP_LINEAR' 'I' @792  9987 (0x00002703)
 - public static final 'GL_TEXTURE_MAG_FILTER' 'I' @796  10240 (0x00002800)
 - public static final 'GL_TEXTURE_MIN_FILTER' 'I' @800  10241 (0x00002801)
 - public static final 'GL_TEXTURE_WRAP_S' 'I' @804  10242 (0x00002802)
 - public static final 'GL_TEXTURE_WRAP_T' 'I' @808  10243 (0x00002803)
 - public static final 'GL_REPEAT' 'I' @812  10497 (0x00002901)
 - public static final 'GL_POLYGON_OFFSET_FACTOR' 'I' @816  32824 (0x00008038)
 - public static final 'GL_POLYGON_OFFSET_UNITS' 'I' @820  10752 (0x00002a00)
 - public static final 'GL_POLYGON_OFFSET_POINT' 'I' @824  10753 (0x00002a01)
 - public static final 'GL_POLYGON_OFFSET_LINE' 'I' @828  10754 (0x00002a02)
 - public static final 'GL_POLYGON_OFFSET_FILL' 'I' @832  32823 (0x00008037)
 - public static final 'GL_R3_G3_B2' 'I' @836  10768 (0x00002a10)
 - public static final 'GL_RGB4' 'I' @840  32847 (0x0000804f)
 - public static final 'GL_RGB5' 'I' @844  32848 (0x00008050)
 - public static final 'GL_RGB8' 'I' @848  32849 (0x00008051)
 - public static final 'GL_RGB10' 'I' @852  32850 (0x00008052)
 - public static final 'GL_RGB12' 'I' @856  32851 (0x00008053)
 - public static final 'GL_RGB16' 'I' @860  32852 (0x00008054)
 - public static final 'GL_RGBA2' 'I' @864  32853 (0x00008055)
 - public static final 'GL_RGBA4' 'I' @868  32854 (0x00008056)
 - public static final 'GL_RGB5_A1' 'I' @872  32855 (0x00008057)
 - public static final 'GL_RGBA8' 'I' @876  32856 (0x00008058)
 - public static final 'GL_RGB10_A2' 'I' @880  32857 (0x00008059)
 - public static final 'GL_RGBA12' 'I' @884  32858 (0x0000805a)
 - public static final 'GL_RGBA16' 'I' @888  32859 (0x0000805b)
 - public static final 'GL_TEXTURE_RED_SIZE' 'I' @892  32860 (0x0000805c)
 - public static final 'GL_TEXTURE_GREEN_SIZE' 'I' @896  32861 (0x0000805d)
 - public static final 'GL_TEXTURE_BLUE_SIZE' 'I' @900  32862 (0x0000805e)
 - public static final 'GL_TEXTURE_ALPHA_SIZE' 'I' @904  32863 (0x0000805f)
 - public static final 'GL_PROXY_TEXTURE_1D' 'I' @908  32867 (0x00008063)
 - public static final 'GL_PROXY_TEXTURE_2D' 'I' @912  32868 (0x00008064)
 - public static final 'GL_TEXTURE_BINDING_1D' 'I' @916  32872 (0x00008068)
 - public static final 'GL_TEXTURE_BINDING_2D' 'I' @920  32873 (0x00008069)
 - public static final 'GL_VERTEX_ARRAY' 'I' @924  32884 (0x00008074)
R12=0x0 is NULL
R13=0x000001dd4ed3fba8 is pointing into metadata
R14=0x0000003c91fff5f8 is pointing into the stack for thread: 0x000001dd57106870
R15=0x000001dd57106870 is a thread


Top of Stack: (sp=0x0000003c91fff528)
0x0000003c91fff528:   000001dd321c1ff3 000001dd4ed3fbb0
0x0000003c91fff538:   0000003c91fff5f8 000001dd321bdf59
0x0000003c91fff548:   000001dd321c1cee 000001dd00000000
0x0000003c91fff558:   000001dd00000000 3ff0000000000000
0x0000003c91fff568:   000001dd57106870 000001dd321c1c96
0x0000003c91fff578:   0000003c91fff578 000001dd4ed3fba8
0x0000003c91fff588:   0000003c91fff5f8 000001dd4ed472a0
0x0000003c91fff598:   0000000000000000 00000005329ed9a8
0x0000003c91fff5a8:   000001dd4ed3fbb0 0000000000000000
0x0000003c91fff5b8:   0000003c91fff5e0 0000003c91fff648
0x0000003c91fff5c8:   000001dd321bde8a 00000005329ed9a8
0x0000003c91fff5d8:   000001dd321bf897 0000100f00000000
0x0000003c91fff5e8:   0000000000000000 000001dd00000000
0x0000003c91fff5f8:   000001dd3f800000 0000003c91fff600
0x0000003c91fff608:   000001dd4ed02b0c 0000003c91fff670
0x0000003c91fff618:   000001dd4ed30000 0000000000000000
0x0000003c91fff628:   00000005328e7640 000001dd4ed02b50
0x0000003c91fff638:   0000003c91fff5e0 0000003c91fff658
0x0000003c91fff648:   0000003c91fff6c0 000001dd321bde8a
0x0000003c91fff658:   411c377000000000 0000000000000000
0x0000003c91fff668:   3f82ef9100000000 000000003f800000
0x0000003c91fff678:   0000003c91fff678 000001dd4ec00abe
0x0000003c91fff688:   0000003c91fff700 000001dd4ec00c38
0x0000003c91fff698:   0000000000000000 000000053329bc78
0x0000003c91fff6a8:   000001dd4ec00b18 0000003c91fff658
0x0000003c91fff6b8:   0000003c91fff700 0000003c91fff8e0
0x0000003c91fff6c8:   000001dd321a100d 0006463d3d3cdbbc
0x0000003c91fff6d8:   0000000000000000 3f82ef911cf355ce
0x0000003c91fff6e8:   0000000000000000 4187d78400000000
0x0000003c91fff6f8:   0000000000000000 000000053329bed0
0x0000003c91fff708:   0000000000000002 0000000000000000
0x0000003c91fff718:   000000007ffe0385 0000000800017a98 

Instructions: (pc=0x00007ffd0c7dc5b9)
0x00007ffd0c7dc4b9:   cc cc cc cc cc cc cc 48 8b 01 49 8b c8 48 8b 50
0x00007ffd0c7dc4c9:   18 48 ff a2 60 0a 00 00 cc cc cc cc cc cc cc cc
0x00007ffd0c7dc4d9:   cc cc cc cc cc cc cc 48 8b 01 49 8b c8 48 8b 50
0x00007ffd0c7dc4e9:   18 48 ff a2 68 0a 00 00 cc cc cc cc cc cc cc cc
0x00007ffd0c7dc4f9:   cc cc cc cc cc cc cc 40 53 48 8b 01 41 8b d8 44
0x00007ffd0c7dc509:   8b 44 24 30 41 8b d1 4c 8b 4c 24 38 8b cb 4c 8b
0x00007ffd0c7dc519:   50 18 5b 49 ff a2 70 0a 00 00 cc cc cc cc cc cc
0x00007ffd0c7dc529:   cc cc cc cc cc cc cc 48 8b 01 41 8b c8 48 8b 50
0x00007ffd0c7dc539:   18 48 ff 22 cc cc cc 48 8b 01 41 8b c8 48 8b 50
0x00007ffd0c7dc549:   18 48 ff 62 08 cc cc 48 8b 01 41 8b d1 41 8b c8
0x00007ffd0c7dc559:   4c 8b 50 18 49 ff 62 38 cc cc cc cc cc cc cc cc
0x00007ffd0c7dc569:   cc cc cc cc cc cc cc 48 8b 01 41 8b d1 41 8b c8
0x00007ffd0c7dc579:   4c 8b 50 18 49 ff 62 48 cc cc cc cc cc cc cc cc
0x00007ffd0c7dc589:   cc cc cc cc cc cc cc 48 8b 01 41 8b c8 48 8b 50
0x00007ffd0c7dc599:   18 48 ff 62 60 cc cc 48 8b 01 0f 28 cb f3 0f 10
0x00007ffd0c7dc5a9:   5c 24 30 0f 28 c2 f3 0f 10 54 24 28 48 8b 48 18
0x00007ffd0c7dc5b9:   48 ff 61 70 cc cc cc 48 8b 01 0f 28 c2 48 8b 48
0x00007ffd0c7dc5c9:   18 48 ff 61 78 cc cc 48 8b 01 41 8b c8 48 8b 50
0x00007ffd0c7dc5d9:   18 48 ff a2 88 00 00 00 cc cc cc cc cc cc cc cc
0x00007ffd0c7dc5e9:   cc cc cc cc cc cc cc 40 53 48 8b 01 41 0f b6 d8
0x00007ffd0c7dc5f9:   44 0f b6 44 24 30 41 0f b6 d1 44 0f b6 4c 24 38
0x00007ffd0c7dc609:   0f b6 cb 4c 8b 50 18 5b 49 ff a2 98 01 00 00 cc
0x00007ffd0c7dc619:   cc cc cc cc cc cc cc 48 8b 01 41 8b c8 48 8b 50
0x00007ffd0c7dc629:   18 48 ff a2 b8 01 00 00 cc cc cc cc cc cc cc cc
0x00007ffd0c7dc639:   cc cc cc cc cc cc cc 48 8b 01 41 8b c8 48 8b 50
0x00007ffd0c7dc649:   18 48 ff a2 c8 01 00 00 cc cc cc cc cc cc cc cc
0x00007ffd0c7dc659:   cc cc cc cc cc cc cc 48 8b 01 41 0f b6 c8 48 8b
0x00007ffd0c7dc669:   50 18 48 ff a2 d0 01 00 00 cc cc cc cc cc cc cc
0x00007ffd0c7dc679:   cc cc cc cc cc cc cc 48 8b 01 0f 28 cb 0f 28 c2
0x00007ffd0c7dc689:   48 8b 48 18 48 ff a1 d8 01 00 00 cc cc cc cc cc
0x00007ffd0c7dc699:   cc cc cc cc cc cc cc 48 8b 01 45 8b d8 44 8b 44
0x00007ffd0c7dc6a9:   24 28 41 8b d1 41 8b cb 4c 8b 50 18 49 ff a2 e8 


Stack slot to memory mapping:
stack at sp + 0 slots: 0x000001dd321c1ff3 is at code_begin+1043 in an Interpreter codelet
method entry point (kind = native)  [0x000001dd321c1be0, 0x000001dd321c26d0]  2800 bytes
stack at sp + 1 slots: {method} {0x000001dd4ed3fbb8} 'glClearColor' '(FFFF)V' in 'org/lwjgl/opengl/GL11C'
stack at sp + 2 slots: 0x0000003c91fff5f8 is pointing into the stack for thread: 0x000001dd57106870
stack at sp + 3 slots: 0x000001dd321bdf59 is at code_begin+1305 in an Interpreter codelet
return entry points  [0x000001dd321bda40, 0x000001dd321be508]  2760 bytes
stack at sp + 4 slots: 0x000001dd321c1cee is at code_begin+270 in an Interpreter codelet
method entry point (kind = native)  [0x000001dd321c1be0, 0x000001dd321c26d0]  2800 bytes
stack at sp + 5 slots: 0x000001dd00000000 is an unknown value
stack at sp + 6 slots: 0x000001dd00000000 is an unknown value
stack at sp + 7 slots: 0x3ff0000000000000 is an unknown value


---------------  P R O C E S S  ---------------

Threads class SMR info:
_java_thread_list=0x000001dd570fd8b0, length=13, elements={
0x000001dd4b68afa0, 0x000001dd4b68bf40, 0x000001dd4b68ea60, 0x000001dd52801820,
0x000001dd52807290, 0x000001dd52807f10, 0x000001dd5280bf00, 0x000001dd5283dab0,
0x000001dd529607a0, 0x000001dd52980480, 0x000001dd52986610, 0x000001dd57106870,
0x000001dd214b9e80
}

Java Threads: ( => current thread )
  0x000001dd4b68afa0 JavaThread "Reference Handler" daemon [_thread_blocked, id=2860, stack(0x0000003c91300000,0x0000003c91400000)]
  0x000001dd4b68bf40 JavaThread "Finalizer" daemon [_thread_blocked, id=13316, stack(0x0000003c91400000,0x0000003c91500000)]
  0x000001dd4b68ea60 JavaThread "Signal Dispatcher" daemon [_thread_blocked, id=11588, stack(0x0000003c91500000,0x0000003c91600000)]
  0x000001dd52801820 JavaThread "Attach Listener" daemon [_thread_blocked, id=11204, stack(0x0000003c91600000,0x0000003c91700000)]
  0x000001dd52807290 JavaThread "Service Thread" daemon [_thread_blocked, id=19800, stack(0x0000003c91700000,0x0000003c91800000)]
  0x000001dd52807f10 JavaThread "Monitor Deflation Thread" daemon [_thread_blocked, id=28244, stack(0x0000003c91800000,0x0000003c91900000)]
  0x000001dd5280bf00 JavaThread "C2 CompilerThread0" daemon [_thread_blocked, id=32008, stack(0x0000003c91900000,0x0000003c91a00000)]
  0x000001dd5283dab0 JavaThread "C1 CompilerThread0" daemon [_thread_blocked, id=34436, stack(0x0000003c91a00000,0x0000003c91b00000)]
  0x000001dd529607a0 JavaThread "C1 CompilerThread1" daemon [_thread_blocked, id=20324, stack(0x0000003c91b00000,0x0000003c91c00000)]
  0x000001dd52980480 JavaThread "Notification Thread" daemon [_thread_blocked, id=19792, stack(0x0000003c91c00000,0x0000003c91d00000)]
  0x000001dd52986610 JavaThread "Common-Cleaner" daemon [_thread_blocked, id=19576, stack(0x0000003c91e00000,0x0000003c91f00000)]
=>0x000001dd57106870 JavaThread "Thread-0" [_thread_in_native, id=35632, stack(0x0000003c91f00000,0x0000003c92000000)]
  0x000001dd214b9e80 JavaThread "DestroyJavaVM" [_thread_blocked, id=33828, stack(0x0000003c90c00000,0x0000003c90d00000)]

Other Threads:
  0x000001dd4b66b270 VMThread "VM Thread" [stack: 0x0000003c91200000,0x0000003c91300000] [id=35912]
  0x000001dd529809d0 WatcherThread "VM Periodic Task Thread" [stack: 0x0000003c91d00000,0x0000003c91e00000] [id=34576]
  0x000001dd21578e60 WorkerThread "GC Thread#0" [stack: 0x0000003c90d00000,0x0000003c90e00000] [id=12604]
  0x000001dd4b498ff0 ConcurrentGCThread "G1 Main Marker" [stack: 0x0000003c90e00000,0x0000003c90f00000] [id=21820]
  0x000001dd4b499bc0 WorkerThread "G1 Conc#0" [stack: 0x0000003c90f00000,0x0000003c91000000] [id=20244]
  0x000001dd4b529620 ConcurrentGCThread "G1 Refine#0" [stack: 0x0000003c91000000,0x0000003c91100000] [id=22384]
  0x000001dd4b52a0c0 ConcurrentGCThread "G1 Service" [stack: 0x0000003c91100000,0x0000003c91200000] [id=14508]

Threads with active compile tasks:

VM state: not at safepoint (normal execution)

VM Mutex/Monitor currently owned by a thread: None

Heap address: 0x0000000503800000, size: 12232 MB, Compressed Oops mode: Zero based, Oop shift amount: 3

CDS archive(s) mapped at: [0x0000000800000000-0x0000000800c60000-0x0000000800c60000), size 12976128, SharedBaseAddress: 0x0000000800000000, ArchiveRelocationMode: 0.
Compressed class space mapped at: 0x0000000801000000-0x0000000841000000, reserved size: 1073741824
Narrow klass base: 0x0000000800000000, Narrow klass shift: 0, Narrow klass range: 0x100000000

GC Precious Log:
 CardTable entry size: 512
 Card Set container configuration: InlinePtr #cards 4 size 8 Array Of Cards #cards 64 size 144 Howl #buckets 8 coarsen threshold 14745 Howl Bitmap #cards 2048 size 272 coarsen threshold 1843 Card regions per heap region 1 cards per card region 16384
 CPUs: 16 total, 16 available
 Memory: 48922M
 Large Page Support: Disabled
 NUMA Support: Disabled
 Compressed Oops: Enabled (Zero based)
 Heap Region Size: 8M
 Heap Min Capacity: 8M
 Heap Initial Capacity: 768M
 Heap Max Capacity: 12232M
 Pre-touch: Disabled
 Parallel Workers: 13
 Concurrent Workers: 3
 Concurrent Refinement Workers: 13
 Periodic GC: Disabled

Heap:
 garbage-first heap   total 786432K, used 8192K [0x0000000503800000, 0x0000000800000000)
  region size 8192K, 2 young (16384K), 0 survivors (0K)
 Metaspace       used 3106K, committed 3328K, reserved 1114112K
  class space    used 206K, committed 320K, reserved 1048576K

Heap Regions: E=young(eden), S=young(survivor), O=old, HS=humongous(starts), HC=humongous(continues), CS=collection set, F=free, OA=open archive, CA=closed archive, TAMS=top-at-mark-start, PB=parsable bottom
|   0|0x0000000503800000, 0x0000000503800000, 0x0000000504000000|  0%| F|  |TAMS 0x0000000503800000| PB 0x0000000503800000| Untracked 
|   1|0x0000000504000000, 0x0000000504000000, 0x0000000504800000|  0%| F|  |TAMS 0x0000000504000000| PB 0x0000000504000000| Untracked 
|   2|0x0000000504800000, 0x0000000504800000, 0x0000000505000000|  0%| F|  |TAMS 0x0000000504800000| PB 0x0000000504800000| Untracked 
|   3|0x0000000505000000, 0x0000000505000000, 0x0000000505800000|  0%| F|  |TAMS 0x0000000505000000| PB 0x0000000505000000| Untracked 
|   4|0x0000000505800000, 0x0000000505800000, 0x0000000506000000|  0%| F|  |TAMS 0x0000000505800000| PB 0x0000000505800000| Untracked 
|   5|0x0000000506000000, 0x0000000506000000, 0x0000000506800000|  0%| F|  |TAMS 0x0000000506000000| PB 0x0000000506000000| Untracked 
|   6|0x0000000506800000, 0x0000000506800000, 0x0000000507000000|  0%| F|  |TAMS 0x0000000506800000| PB 0x0000000506800000| Untracked 
|   7|0x0000000507000000, 0x0000000507000000, 0x0000000507800000|  0%| F|  |TAMS 0x0000000507000000| PB 0x0000000507000000| Untracked 
|   8|0x0000000507800000, 0x0000000507800000, 0x0000000508000000|  0%| F|  |TAMS 0x0000000507800000| PB 0x0000000507800000| Untracked 
|   9|0x0000000508000000, 0x0000000508000000, 0x0000000508800000|  0%| F|  |TAMS 0x0000000508000000| PB 0x0000000508000000| Untracked 
|  10|0x0000000508800000, 0x0000000508800000, 0x0000000509000000|  0%| F|  |TAMS 0x0000000508800000| PB 0x0000000508800000| Untracked 
|  11|0x0000000509000000, 0x0000000509000000, 0x0000000509800000|  0%| F|  |TAMS 0x0000000509000000| PB 0x0000000509000000| Untracked 
|  12|0x0000000509800000, 0x0000000509800000, 0x000000050a000000|  0%| F|  |TAMS 0x0000000509800000| PB 0x0000000509800000| Untracked 
|  13|0x000000050a000000, 0x000000050a000000, 0x000000050a800000|  0%| F|  |TAMS 0x000000050a000000| PB 0x000000050a000000| Untracked 
|  14|0x000000050a800000, 0x000000050a800000, 0x000000050b000000|  0%| F|  |TAMS 0x000000050a800000| PB 0x000000050a800000| Untracked 
|  15|0x000000050b000000, 0x000000050b000000, 0x000000050b800000|  0%| F|  |TAMS 0x000000050b000000| PB 0x000000050b000000| Untracked 
|  16|0x000000050b800000, 0x000000050b800000, 0x000000050c000000|  0%| F|  |TAMS 0x000000050b800000| PB 0x000000050b800000| Untracked 
|  17|0x000000050c000000, 0x000000050c000000, 0x000000050c800000|  0%| F|  |TAMS 0x000000050c000000| PB 0x000000050c000000| Untracked 
|  18|0x000000050c800000, 0x000000050c800000, 0x000000050d000000|  0%| F|  |TAMS 0x000000050c800000| PB 0x000000050c800000| Untracked 
|  19|0x000000050d000000, 0x000000050d000000, 0x000000050d800000|  0%| F|  |TAMS 0x000000050d000000| PB 0x000000050d000000| Untracked 
|  20|0x000000050d800000, 0x000000050d800000, 0x000000050e000000|  0%| F|  |TAMS 0x000000050d800000| PB 0x000000050d800000| Untracked 
|  21|0x000000050e000000, 0x000000050e000000, 0x000000050e800000|  0%| F|  |TAMS 0x000000050e000000| PB 0x000000050e000000| Untracked 
|  22|0x000000050e800000, 0x000000050e800000, 0x000000050f000000|  0%| F|  |TAMS 0x000000050e800000| PB 0x000000050e800000| Untracked 
|  23|0x000000050f000000, 0x000000050f000000, 0x000000050f800000|  0%| F|  |TAMS 0x000000050f000000| PB 0x000000050f000000| Untracked 
|  24|0x000000050f800000, 0x000000050f800000, 0x0000000510000000|  0%| F|  |TAMS 0x000000050f800000| PB 0x000000050f800000| Untracked 
|  25|0x0000000510000000, 0x0000000510000000, 0x0000000510800000|  0%| F|  |TAMS 0x0000000510000000| PB 0x0000000510000000| Untracked 
|  26|0x0000000510800000, 0x0000000510800000, 0x0000000511000000|  0%| F|  |TAMS 0x0000000510800000| PB 0x0000000510800000| Untracked 
|  27|0x0000000511000000, 0x0000000511000000, 0x0000000511800000|  0%| F|  |TAMS 0x0000000511000000| PB 0x0000000511000000| Untracked 
|  28|0x0000000511800000, 0x0000000511800000, 0x0000000512000000|  0%| F|  |TAMS 0x0000000511800000| PB 0x0000000511800000| Untracked 
|  29|0x0000000512000000, 0x0000000512000000, 0x0000000512800000|  0%| F|  |TAMS 0x0000000512000000| PB 0x0000000512000000| Untracked 
|  30|0x0000000512800000, 0x0000000512800000, 0x0000000513000000|  0%| F|  |TAMS 0x0000000512800000| PB 0x0000000512800000| Untracked 
|  31|0x0000000513000000, 0x0000000513000000, 0x0000000513800000|  0%| F|  |TAMS 0x0000000513000000| PB 0x0000000513000000| Untracked 
|  32|0x0000000513800000, 0x0000000513800000, 0x0000000514000000|  0%| F|  |TAMS 0x0000000513800000| PB 0x0000000513800000| Untracked 
|  33|0x0000000514000000, 0x0000000514000000, 0x0000000514800000|  0%| F|  |TAMS 0x0000000514000000| PB 0x0000000514000000| Untracked 
|  34|0x0000000514800000, 0x0000000514800000, 0x0000000515000000|  0%| F|  |TAMS 0x0000000514800000| PB 0x0000000514800000| Untracked 
|  35|0x0000000515000000, 0x0000000515000000, 0x0000000515800000|  0%| F|  |TAMS 0x0000000515000000| PB 0x0000000515000000| Untracked 
|  36|0x0000000515800000, 0x0000000515800000, 0x0000000516000000|  0%| F|  |TAMS 0x0000000515800000| PB 0x0000000515800000| Untracked 
|  37|0x0000000516000000, 0x0000000516000000, 0x0000000516800000|  0%| F|  |TAMS 0x0000000516000000| PB 0x0000000516000000| Untracked 
|  38|0x0000000516800000, 0x0000000516800000, 0x0000000517000000|  0%| F|  |TAMS 0x0000000516800000| PB 0x0000000516800000| Untracked 
|  39|0x0000000517000000, 0x0000000517000000, 0x0000000517800000|  0%| F|  |TAMS 0x0000000517000000| PB 0x0000000517000000| Untracked 
|  40|0x0000000517800000, 0x0000000517800000, 0x0000000518000000|  0%| F|  |TAMS 0x0000000517800000| PB 0x0000000517800000| Untracked 
|  41|0x0000000518000000, 0x0000000518000000, 0x0000000518800000|  0%| F|  |TAMS 0x0000000518000000| PB 0x0000000518000000| Untracked 
|  42|0x0000000518800000, 0x0000000518800000, 0x0000000519000000|  0%| F|  |TAMS 0x0000000518800000| PB 0x0000000518800000| Untracked 
|  43|0x0000000519000000, 0x0000000519000000, 0x0000000519800000|  0%| F|  |TAMS 0x0000000519000000| PB 0x0000000519000000| Untracked 
|  44|0x0000000519800000, 0x0000000519800000, 0x000000051a000000|  0%| F|  |TAMS 0x0000000519800000| PB 0x0000000519800000| Untracked 
|  45|0x000000051a000000, 0x000000051a000000, 0x000000051a800000|  0%| F|  |TAMS 0x000000051a000000| PB 0x000000051a000000| Untracked 
|  46|0x000000051a800000, 0x000000051a800000, 0x000000051b000000|  0%| F|  |TAMS 0x000000051a800000| PB 0x000000051a800000| Untracked 
|  47|0x000000051b000000, 0x000000051b000000, 0x000000051b800000|  0%| F|  |TAMS 0x000000051b000000| PB 0x000000051b000000| Untracked 
|  48|0x000000051b800000, 0x000000051b800000, 0x000000051c000000|  0%| F|  |TAMS 0x000000051b800000| PB 0x000000051b800000| Untracked 
|  49|0x000000051c000000, 0x000000051c000000, 0x000000051c800000|  0%| F|  |TAMS 0x000000051c000000| PB 0x000000051c000000| Untracked 
|  50|0x000000051c800000, 0x000000051c800000, 0x000000051d000000|  0%| F|  |TAMS 0x000000051c800000| PB 0x000000051c800000| Untracked 
|  51|0x000000051d000000, 0x000000051d000000, 0x000000051d800000|  0%| F|  |TAMS 0x000000051d000000| PB 0x000000051d000000| Untracked 
|  52|0x000000051d800000, 0x000000051d800000, 0x000000051e000000|  0%| F|  |TAMS 0x000000051d800000| PB 0x000000051d800000| Untracked 
|  53|0x000000051e000000, 0x000000051e000000, 0x000000051e800000|  0%| F|  |TAMS 0x000000051e000000| PB 0x000000051e000000| Untracked 
|  54|0x000000051e800000, 0x000000051e800000, 0x000000051f000000|  0%| F|  |TAMS 0x000000051e800000| PB 0x000000051e800000| Untracked 
|  55|0x000000051f000000, 0x000000051f000000, 0x000000051f800000|  0%| F|  |TAMS 0x000000051f000000| PB 0x000000051f000000| Untracked 
|  56|0x000000051f800000, 0x000000051f800000, 0x0000000520000000|  0%| F|  |TAMS 0x000000051f800000| PB 0x000000051f800000| Untracked 
|  57|0x0000000520000000, 0x0000000520000000, 0x0000000520800000|  0%| F|  |TAMS 0x0000000520000000| PB 0x0000000520000000| Untracked 
|  58|0x0000000520800000, 0x0000000520800000, 0x0000000521000000|  0%| F|  |TAMS 0x0000000520800000| PB 0x0000000520800000| Untracked 
|  59|0x0000000521000000, 0x0000000521000000, 0x0000000521800000|  0%| F|  |TAMS 0x0000000521000000| PB 0x0000000521000000| Untracked 
|  60|0x0000000521800000, 0x0000000521800000, 0x0000000522000000|  0%| F|  |TAMS 0x0000000521800000| PB 0x0000000521800000| Untracked 
|  61|0x0000000522000000, 0x0000000522000000, 0x0000000522800000|  0%| F|  |TAMS 0x0000000522000000| PB 0x0000000522000000| Untracked 
|  62|0x0000000522800000, 0x0000000522800000, 0x0000000523000000|  0%| F|  |TAMS 0x0000000522800000| PB 0x0000000522800000| Untracked 
|  63|0x0000000523000000, 0x0000000523000000, 0x0000000523800000|  0%| F|  |TAMS 0x0000000523000000| PB 0x0000000523000000| Untracked 
|  64|0x0000000523800000, 0x0000000523800000, 0x0000000524000000|  0%| F|  |TAMS 0x0000000523800000| PB 0x0000000523800000| Untracked 
|  65|0x0000000524000000, 0x0000000524000000, 0x0000000524800000|  0%| F|  |TAMS 0x0000000524000000| PB 0x0000000524000000| Untracked 
|  66|0x0000000524800000, 0x0000000524800000, 0x0000000525000000|  0%| F|  |TAMS 0x0000000524800000| PB 0x0000000524800000| Untracked 
|  67|0x0000000525000000, 0x0000000525000000, 0x0000000525800000|  0%| F|  |TAMS 0x0000000525000000| PB 0x0000000525000000| Untracked 
|  68|0x0000000525800000, 0x0000000525800000, 0x0000000526000000|  0%| F|  |TAMS 0x0000000525800000| PB 0x0000000525800000| Untracked 
|  69|0x0000000526000000, 0x0000000526000000, 0x0000000526800000|  0%| F|  |TAMS 0x0000000526000000| PB 0x0000000526000000| Untracked 
|  70|0x0000000526800000, 0x0000000526800000, 0x0000000527000000|  0%| F|  |TAMS 0x0000000526800000| PB 0x0000000526800000| Untracked 
|  71|0x0000000527000000, 0x0000000527000000, 0x0000000527800000|  0%| F|  |TAMS 0x0000000527000000| PB 0x0000000527000000| Untracked 
|  72|0x0000000527800000, 0x0000000527800000, 0x0000000528000000|  0%| F|  |TAMS 0x0000000527800000| PB 0x0000000527800000| Untracked 
|  73|0x0000000528000000, 0x0000000528000000, 0x0000000528800000|  0%| F|  |TAMS 0x0000000528000000| PB 0x0000000528000000| Untracked 
|  74|0x0000000528800000, 0x0000000528800000, 0x0000000529000000|  0%| F|  |TAMS 0x0000000528800000| PB 0x0000000528800000| Untracked 
|  75|0x0000000529000000, 0x0000000529000000, 0x0000000529800000|  0%| F|  |TAMS 0x0000000529000000| PB 0x0000000529000000| Untracked 
|  76|0x0000000529800000, 0x0000000529800000, 0x000000052a000000|  0%| F|  |TAMS 0x0000000529800000| PB 0x0000000529800000| Untracked 
|  77|0x000000052a000000, 0x000000052a000000, 0x000000052a800000|  0%| F|  |TAMS 0x000000052a000000| PB 0x000000052a000000| Untracked 
|  78|0x000000052a800000, 0x000000052a800000, 0x000000052b000000|  0%| F|  |TAMS 0x000000052a800000| PB 0x000000052a800000| Untracked 
|  79|0x000000052b000000, 0x000000052b000000, 0x000000052b800000|  0%| F|  |TAMS 0x000000052b000000| PB 0x000000052b000000| Untracked 
|  80|0x000000052b800000, 0x000000052b800000, 0x000000052c000000|  0%| F|  |TAMS 0x000000052b800000| PB 0x000000052b800000| Untracked 
|  81|0x000000052c000000, 0x000000052c000000, 0x000000052c800000|  0%| F|  |TAMS 0x000000052c000000| PB 0x000000052c000000| Untracked 
|  82|0x000000052c800000, 0x000000052c800000, 0x000000052d000000|  0%| F|  |TAMS 0x000000052c800000| PB 0x000000052c800000| Untracked 
|  83|0x000000052d000000, 0x000000052d000000, 0x000000052d800000|  0%| F|  |TAMS 0x000000052d000000| PB 0x000000052d000000| Untracked 
|  84|0x000000052d800000, 0x000000052d800000, 0x000000052e000000|  0%| F|  |TAMS 0x000000052d800000| PB 0x000000052d800000| Untracked 
|  85|0x000000052e000000, 0x000000052e000000, 0x000000052e800000|  0%| F|  |TAMS 0x000000052e000000| PB 0x000000052e000000| Untracked 
|  86|0x000000052e800000, 0x000000052e800000, 0x000000052f000000|  0%| F|  |TAMS 0x000000052e800000| PB 0x000000052e800000| Untracked 
|  87|0x000000052f000000, 0x000000052f000000, 0x000000052f800000|  0%| F|  |TAMS 0x000000052f000000| PB 0x000000052f000000| Untracked 
|  88|0x000000052f800000, 0x000000052f800000, 0x0000000530000000|  0%| F|  |TAMS 0x000000052f800000| PB 0x000000052f800000| Untracked 
|  89|0x0000000530000000, 0x0000000530000000, 0x0000000530800000|  0%| F|  |TAMS 0x0000000530000000| PB 0x0000000530000000| Untracked 
|  90|0x0000000530800000, 0x0000000530800000, 0x0000000531000000|  0%| F|  |TAMS 0x0000000530800000| PB 0x0000000530800000| Untracked 
|  91|0x0000000531000000, 0x0000000531000000, 0x0000000531800000|  0%| F|  |TAMS 0x0000000531000000| PB 0x0000000531000000| Untracked 
|  92|0x0000000531800000, 0x0000000531800000, 0x0000000532000000|  0%| F|  |TAMS 0x0000000531800000| PB 0x0000000531800000| Untracked 
|  93|0x0000000532000000, 0x0000000532000000, 0x0000000532800000|  0%| F|  |TAMS 0x0000000532000000| PB 0x0000000532000000| Untracked 
|  94|0x0000000532800000, 0x0000000532a91718, 0x0000000533000000| 32%| E|  |TAMS 0x0000000532800000| PB 0x0000000532800000| Complete 
|  95|0x0000000533000000, 0x0000000533800000, 0x0000000533800000|100%| E|CS|TAMS 0x0000000533000000| PB 0x0000000533000000| Complete 

Card table byte_map: [0x000001dd3c4f0000,0x000001dd3dce0000] _byte_map_base: 0x000001dd39cd4000

Marking Bits: (CMBitMap*) 0x000001dd21579490
 Bits: [0x000001dd3f4d0000, 0x000001dd4b3f0000)

Polling page: 0x000001dd21580000

Metaspace:

Usage:
  Non-class:      2.83 MB used.
      Class:    206.44 KB used.
       Both:      3.03 MB used.

Virtual space:
  Non-class space:       64.00 MB reserved,       2.94 MB (  5%) committed,  1 nodes.
      Class space:        1.00 GB reserved,     320.00 KB ( <1%) committed,  1 nodes.
             Both:        1.06 GB reserved,       3.25 MB ( <1%) committed. 

Chunk freelists:
   Non-Class:  2.72 MB
       Class:  3.66 MB
        Both:  6.38 MB

MaxMetaspaceSize: unlimited
CompressedClassSpaceSize: 1.00 GB
Initial GC threshold: 21.00 MB
Current GC threshold: 21.00 MB
CDS: on
MetaspaceReclaimPolicy: balanced
 - commit_granule_bytes: 65536.
 - commit_granule_words: 8192.
 - virtual_space_node_default_size: 8388608.
 - enlarge_chunks_in_place: 1.
 - new_chunks_are_fully_committed: 0.
 - uncommit_free_chunks: 1.
 - use_allocation_guard: 0.


Internal statistics:

num_allocs_failed_limit: 0.
num_arena_births: 66.
num_arena_deaths: 0.
num_vsnodes_births: 2.
num_vsnodes_deaths: 0.
num_space_committed: 52.
num_space_uncommitted: 0.
num_chunks_returned_to_freelist: 0.
num_chunks_taken_from_freelist: 143.
num_chunk_merges: 0.
num_chunk_splits: 85.
num_chunks_enlarged: 60.
num_inconsistent_stats: 0.

CodeHeap 'non-profiled nmethods': size=119168Kb used=204Kb max_used=204Kb free=118963Kb
 bounds [0x000001dd328f0000, 0x000001dd32b60000, 0x000001dd39d50000]
CodeHeap 'profiled nmethods': size=119104Kb used=1114Kb max_used=1114Kb free=117989Kb
 bounds [0x000001dd2ad50000, 0x000001dd2afc0000, 0x000001dd321a0000]
CodeHeap 'non-nmethods': size=7488Kb used=2660Kb max_used=2678Kb free=4827Kb
 bounds [0x000001dd321a0000, 0x000001dd32450000, 0x000001dd328f0000]
 total_blobs=1725 nmethods=702 adapters=933
 compilation: enabled
              stopped_count=0, restarted_count=0
 full_count=0

Compilation events (20 events):
Event: 0.644 Thread 0x000001dd529607a0 nmethod 690 0x000001dd2ae57a10 code [0x000001dd2ae57ce0, 0x000001dd2ae58e40]
Event: 0.644 Thread 0x000001dd529607a0  688       3       jdk.internal.jimage.ImageStringsReader::match (11 bytes)
Event: 0.644 Thread 0x000001dd529607a0 nmethod 688 0x000001dd2ae59590 code [0x000001dd2ae59720, 0x000001dd2ae598f0]
Event: 0.644 Thread 0x000001dd529607a0  689       3       jdk.internal.jimage.BasicImageReader::match (37 bytes)
Event: 0.644 Thread 0x000001dd5283dab0 nmethod 693 0x000001dd2ae59a10 code [0x000001dd2ae59ce0, 0x000001dd2ae5ae08]
Event: 0.644 Thread 0x000001dd529607a0 nmethod 689 0x000001dd2ae5b510 code [0x000001dd2ae5b6c0, 0x000001dd2ae5b970]
Event: 0.644 Thread 0x000001dd529607a0  692       3       jdk.internal.jimage.ImageLocation::verifyName (161 bytes)
Event: 0.644 Thread 0x000001dd5283dab0  694       1       java.util.zip.ZipEntry::getSize (5 bytes)
Event: 0.644 Thread 0x000001dd5283dab0 nmethod 694 0x000001dd32921410 code [0x000001dd32921580, 0x000001dd32921648]
Event: 0.644 Thread 0x000001dd5283dab0  695       3       sun.misc.Unsafe::putLong (11 bytes)
Event: 0.644 Thread 0x000001dd5283dab0 nmethod 695 0x000001dd2ae5ba90 code [0x000001dd2ae5bc20, 0x000001dd2ae5bd30]
Event: 0.644 Thread 0x000001dd5283dab0  696       3       org.lwjgl.system.MemoryUtil::memPutAddress (29 bytes)
Event: 0.644 Thread 0x000001dd5283dab0 nmethod 696 0x000001dd2ae5be10 code [0x000001dd2ae5bfa0, 0x000001dd2ae5c198]
Event: 0.644 Thread 0x000001dd5283dab0  700   !   3       java.net.URL::<init> (543 bytes)
Event: 0.645 Thread 0x000001dd529607a0 nmethod 692 0x000001dd2ae5c290 code [0x000001dd2ae5c5c0, 0x000001dd2ae5dbe0]
Event: 0.645 Thread 0x000001dd529607a0  699       3       java.net.URL::<init> (8 bytes)
Event: 0.645 Thread 0x000001dd529607a0 nmethod 699 0x000001dd2ae5e510 code [0x000001dd2ae5e6a0, 0x000001dd2ae5e7e0]
Event: 0.645 Thread 0x000001dd529607a0  701       3       java.net.URLStreamHandler::setURL (156 bytes)
Event: 0.646 Thread 0x000001dd529607a0 nmethod 701 0x000001dd2ae5e890 code [0x000001dd2ae5eb80, 0x000001dd2ae5fbf0]
Event: 0.646 Thread 0x000001dd529607a0  702   !   3       java.net.URL::set (114 bytes)

GC Heap History (0 events):
No events

Dll operation events (8 events):
Event: 0.004 Loaded shared library C:\Users\einen\.jdks\openjdk-20.0.1\bin\java.dll
Event: 0.013 Loaded shared library C:\Users\einen\.jdks\openjdk-20.0.1\bin\jsvml.dll
Event: 0.060 Loaded shared library C:\Users\einen\.jdks\openjdk-20.0.1\bin\net.dll
Event: 0.061 Loaded shared library C:\Users\einen\.jdks\openjdk-20.0.1\bin\nio.dll
Event: 0.063 Loaded shared library C:\Users\einen\.jdks\openjdk-20.0.1\bin\zip.dll
Event: 0.102 Loaded shared library C:\Users\einen\.jdks\openjdk-20.0.1\bin\jimage.dll
Event: 0.117 Loaded shared library C:\Users\einen\AppData\Local\Temp\lwjgl_einen\3.3.2+13\x64\lwjgl.dll
Event: 0.635 Loaded shared library C:\Users\einen\AppData\Local\Temp\lwjgl_einen\3.3.2+13\x64\lwjgl_opengl.dll

Deoptimization events (20 events):
Event: 0.641 Thread 0x000001dd57106870 DEOPT PACKING pc=0x000001dd2adfaec2 sp=0x0000003c91ffd950
Event: 0.641 Thread 0x000001dd57106870 DEOPT UNPACKING pc=0x000001dd3220a4c2 sp=0x0000003c91ffcde8 mode 0
Event: 0.641 Thread 0x000001dd57106870 DEOPT PACKING pc=0x000001dd2adfaec2 sp=0x0000003c91ffd950
Event: 0.641 Thread 0x000001dd57106870 DEOPT UNPACKING pc=0x000001dd3220a4c2 sp=0x0000003c91ffcde8 mode 0
Event: 0.642 Thread 0x000001dd57106870 DEOPT PACKING pc=0x000001dd2adfb112 sp=0x0000003c91ffd950
Event: 0.642 Thread 0x000001dd57106870 DEOPT UNPACKING pc=0x000001dd3220a4c2 sp=0x0000003c91ffcde8 mode 0
Event: 0.642 Thread 0x000001dd57106870 DEOPT PACKING pc=0x000001dd2adfafa1 sp=0x0000003c91ffd950
Event: 0.642 Thread 0x000001dd57106870 DEOPT UNPACKING pc=0x000001dd3220a4c2 sp=0x0000003c91ffcde8 mode 0
Event: 0.642 Thread 0x000001dd57106870 DEOPT PACKING pc=0x000001dd2adfaec2 sp=0x0000003c91ffd950
Event: 0.642 Thread 0x000001dd57106870 DEOPT UNPACKING pc=0x000001dd3220a4c2 sp=0x0000003c91ffcde8 mode 0
Event: 0.642 Thread 0x000001dd57106870 DEOPT PACKING pc=0x000001dd2adfaec2 sp=0x0000003c91ffd950
Event: 0.642 Thread 0x000001dd57106870 DEOPT UNPACKING pc=0x000001dd3220a4c2 sp=0x0000003c91ffcde8 mode 0
Event: 0.642 Thread 0x000001dd57106870 DEOPT PACKING pc=0x000001dd2adfaec2 sp=0x0000003c91ffd950
Event: 0.642 Thread 0x000001dd57106870 DEOPT UNPACKING pc=0x000001dd3220a4c2 sp=0x0000003c91ffcde8 mode 0
Event: 0.642 Thread 0x000001dd57106870 DEOPT PACKING pc=0x000001dd2adfaec2 sp=0x0000003c91ffd950
Event: 0.642 Thread 0x000001dd57106870 DEOPT UNPACKING pc=0x000001dd3220a4c2 sp=0x0000003c91ffcde8 mode 0
Event: 0.642 Thread 0x000001dd57106870 DEOPT PACKING pc=0x000001dd2adfb112 sp=0x0000003c91ffd950
Event: 0.642 Thread 0x000001dd57106870 DEOPT UNPACKING pc=0x000001dd3220a4c2 sp=0x0000003c91ffcde8 mode 0
Event: 0.642 Thread 0x000001dd57106870 DEOPT PACKING pc=0x000001dd2adfafa1 sp=0x0000003c91ffd950
Event: 0.642 Thread 0x000001dd57106870 DEOPT UNPACKING pc=0x000001dd3220a4c2 sp=0x0000003c91ffcde8 mode 0

Classes loaded (20 events):
Event: 0.153 Loading class java/nio/DirectDoubleBufferU
Event: 0.153 Loading class java/nio/DirectDoubleBufferU done
Event: 0.153 Loading class sun/misc/Unsafe
Event: 0.154 Loading class sun/misc/Unsafe done
Event: 0.154 Loading class java/lang/invoke/DirectMethodHandle$StaticAccessor
Event: 0.154 Loading class java/lang/invoke/DirectMethodHandle$StaticAccessor done
Event: 0.156 Loading class java/util/function/LongPredicate
Event: 0.156 Loading class java/util/function/LongPredicate done
Event: 0.157 Loading class java/lang/foreign/MemorySegment
Event: 0.158 Loading class java/lang/foreign/MemorySegment done
Event: 0.160 Loading class java/nio/InvalidMarkException
Event: 0.160 Loading class java/nio/InvalidMarkException done
Event: 0.160 Loading class java/nio/BufferUnderflowException
Event: 0.160 Loading class java/nio/BufferUnderflowException done
Event: 0.166 Loading class java/util/Formatter$FixedString
Event: 0.166 Loading class java/util/Formatter$FixedString done
Event: 0.173 Loading class java/lang/NoSuchFieldError
Event: 0.174 Loading class java/lang/NoSuchFieldError done
Event: 0.183 Loading class jdk/internal/reflect/MethodHandleIntegerFieldAccessorImpl
Event: 0.183 Loading class jdk/internal/reflect/MethodHandleIntegerFieldAccessorImpl done

Classes unloaded (0 events):
No events

Classes redefined (0 events):
No events

Internal exceptions (20 events):
Event: 0.098 Thread 0x000001dd214b9e80 Exception <a 'java/lang/NoSuchMethodError'{0x0000000533574710}: 'void java.lang.invoke.DelegatingMethodHandle$Holder.delegate(java.lang.Object, java.lang.Object, int, java.lang.Object)'> (0x0000000533574710) 
thrown [s\open\src\hotspot\share\interpreter\linkResolver.cpp, line 773]
Event: 0.098 Thread 0x000001dd214b9e80 Exception <a 'java/lang/NoSuchMethodError'{0x00000005335785f8}: 'int java.lang.invoke.DirectMethodHandle$Holder.invokeSpecial(java.lang.Object, java.lang.Object, java.lang.Object)'> (0x00000005335785f8) 
thrown [s\open\src\hotspot\share\interpreter\linkResolver.cpp, line 773]
Event: 0.101 Thread 0x000001dd214b9e80 Exception <a 'java/lang/NoSuchMethodError'{0x0000000533593008}: 'void java.lang.System.loadLibrary(java.lang.String, java.lang.Class)'> (0x0000000533593008) 
thrown [s\open\src\hotspot\share\interpreter\linkResolver.cpp, line 773]
Event: 0.116 Thread 0x000001dd214b9e80 Exception <a 'sun/nio/fs/WindowsException'{0x00000005335ce630}> (0x00000005335ce630) 
thrown [s\open\src\hotspot\share\prims\jni.cpp, line 519]
Event: 0.116 Thread 0x000001dd214b9e80 Exception <a 'sun/nio/fs/WindowsException'{0x00000005335ceb60}> (0x00000005335ceb60) 
thrown [s\open\src\hotspot\share\prims\jni.cpp, line 519]
Event: 0.157 Thread 0x000001dd214b9e80 Exception <a 'java/lang/NoSuchMethodError'{0x000000053372a970}: 'int java.lang.invoke.DirectMethodHandle$Holder.invokeStaticInit(java.lang.Object, java.lang.Object, int, long)'> (0x000000053372a970) 
thrown [s\open\src\hotspot\share\interpreter\linkResolver.cpp, line 773]
Event: 0.157 Thread 0x000001dd214b9e80 Exception <a 'java/lang/NoSuchMethodError'{0x000000053372ff70}: 'java.lang.Object java.lang.invoke.DirectMethodHandle$Holder.newInvokeSpecial(java.lang.Object, java.lang.Object, int)'> (0x000000053372ff70) 
thrown [s\open\src\hotspot\share\interpreter\linkResolver.cpp, line 773]
Event: 0.158 Thread 0x000001dd214b9e80 Exception <a 'java/lang/NoSuchMethodError'{0x000000053373f4f8}: 'int java.lang.invoke.DirectMethodHandle$Holder.invokeStaticInit(java.lang.Object, java.lang.Object, long, long)'> (0x000000053373f4f8) 
thrown [s\open\src\hotspot\share\interpreter\linkResolver.cpp, line 773]
Event: 0.159 Thread 0x000001dd214b9e80 Exception <a 'java/lang/NoSuchMethodError'{0x0000000533745340}: 'java.lang.Object java.lang.invoke.DirectMethodHandle$Holder.newInvokeSpecial(java.lang.Object, java.lang.Object, long)'> (0x0000000533745340) 
thrown [s\open\src\hotspot\share\interpreter\linkResolver.cpp, line 773]
Event: 0.159 Thread 0x000001dd214b9e80 Exception <a 'java/lang/NoSuchMethodError'{0x00000005337490f8}: 'java.lang.Object java.lang.invoke.Invokers$Holder.linkToTargetMethod(java.lang.Object, long, java.lang.Object)'> (0x00000005337490f8) 
thrown [s\open\src\hotspot\share\interpreter\linkResolver.cpp, line 773]
Event: 0.159 Thread 0x000001dd214b9e80 Exception <a 'java/lang/NoSuchMethodError'{0x0000000533750168}: 'int java.lang.invoke.DirectMethodHandle$Holder.invokeStaticInit(java.lang.Object, java.lang.Object, java.lang.Object, long)'> (0x0000000533750168) 
thrown [s\open\src\hotspot\share\interpreter\linkResolver.cpp, line 773]
Event: 0.173 Thread 0x000001dd214b9e80 Exception <a 'sun/nio/fs/WindowsException'{0x0000000532806d58}> (0x0000000532806d58) 
thrown [s\open\src\hotspot\share\prims\jni.cpp, line 519]
Event: 0.173 Thread 0x000001dd214b9e80 Exception <a 'sun/nio/fs/WindowsException'{0x00000005328070b8}> (0x00000005328070b8) 
thrown [s\open\src\hotspot\share\prims\jni.cpp, line 519]
Event: 0.183 Thread 0x000001dd214b9e80 Exception <a 'java/lang/NoSuchMethodError'{0x0000000532823598}: 'int java.lang.invoke.Invokers$Holder.invokeExact_MT(java.lang.Object, java.lang.Object)'> (0x0000000532823598) 
thrown [s\open\src\hotspot\share\interpreter\linkResolver.cpp, line 773]
Event: 0.630 Thread 0x000001dd57106870 Exception <a 'java/lang/NoSuchMethodError'{0x00000005328fec78}: 'void java.lang.System.load(java.lang.String, java.lang.Class)'> (0x00000005328fec78) 
thrown [s\open\src\hotspot\share\interpreter\linkResolver.cpp, line 773]
Event: 0.630 Thread 0x000001dd57106870 Exception <a 'java/lang/NoSuchMethodError'{0x0000000532901a60}: 'void java.lang.System.loadLibrary(java.lang.String, java.lang.Class)'> (0x0000000532901a60) 
thrown [s\open\src\hotspot\share\interpreter\linkResolver.cpp, line 773]
Event: 0.634 Thread 0x000001dd57106870 Exception <a 'sun/nio/fs/WindowsException'{0x00000005329119e0}> (0x00000005329119e0) 
thrown [s\open\src\hotspot\share\prims\jni.cpp, line 519]
Event: 0.634 Thread 0x000001dd57106870 Exception <a 'sun/nio/fs/WindowsException'{0x0000000532911d88}> (0x0000000532911d88) 
thrown [s\open\src\hotspot\share\prims\jni.cpp, line 519]
Event: 0.643 Thread 0x000001dd57106870 Exception <a 'sun/nio/fs/WindowsException'{0x000000053291bd30}> (0x000000053291bd30) 
thrown [s\open\src\hotspot\share\prims\jni.cpp, line 519]
Event: 0.643 Thread 0x000001dd57106870 Exception <a 'sun/nio/fs/WindowsException'{0x000000053291c010}> (0x000000053291c010) 
thrown [s\open\src\hotspot\share\prims\jni.cpp, line 519]

VM Operations (4 events):
Event: 0.064 Executing VM operation: HandshakeAllThreads
Event: 0.064 Executing VM operation: HandshakeAllThreads done
Event: 0.112 Executing VM operation: HandshakeAllThreads
Event: 0.112 Executing VM operation: HandshakeAllThreads done

Events (17 events):
Event: 0.013 Thread 0x000001dd214b9e80 Thread added: 0x000001dd214b9e80
Event: 0.022 Thread 0x000001dd4b68afa0 Thread added: 0x000001dd4b68afa0
Event: 0.022 Thread 0x000001dd4b68bf40 Thread added: 0x000001dd4b68bf40
Event: 0.022 Thread 0x000001dd4b68ea60 Thread added: 0x000001dd4b68ea60
Event: 0.023 Thread 0x000001dd52801820 Thread added: 0x000001dd52801820
Event: 0.023 Thread 0x000001dd52807290 Thread added: 0x000001dd52807290
Event: 0.023 Thread 0x000001dd52807f10 Thread added: 0x000001dd52807f10
Event: 0.023 Thread 0x000001dd5280bf00 Thread added: 0x000001dd5280bf00
Event: 0.023 Thread 0x000001dd5283dab0 Thread added: 0x000001dd5283dab0
Event: 0.051 Thread 0x000001dd529607a0 Thread added: 0x000001dd529607a0
Event: 0.053 Thread 0x000001dd52980480 Thread added: 0x000001dd52980480
Event: 0.055 Thread 0x000001dd52986610 Thread added: 0x000001dd52986610
Event: 0.152 Thread 0x000001dd52dd1220 Thread added: 0x000001dd52dd1220
Event: 0.611 Thread 0x000001dd52dd1220 Thread exited: 0x000001dd52dd1220
Event: 0.623 Thread 0x000001dd57106870 Thread added: 0x000001dd57106870
Event: 0.623 Thread 0x000001dd214b9e80 Thread exited: 0x000001dd214b9e80
Event: 0.623 Thread 0x000001dd214b9e80 Thread added: 0x000001dd214b9e80


Dynamic libraries:
0x00007ff6a1260000 - 0x00007ff6a126e000 	C:\Users\einen\.jdks\openjdk-20.0.1\bin\java.exe
0x00007ffd484f0000 - 0x00007ffd486e8000 	C:\Windows\SYSTEM32\ntdll.dll
0x00007ffd47d40000 - 0x00007ffd47dff000 	C:\Windows\System32\KERNEL32.DLL
0x00007ffd46200000 - 0x00007ffd464f6000 	C:\Windows\System32\KERNELBASE.dll
0x00007ffd45f40000 - 0x00007ffd46040000 	C:\Windows\System32\ucrtbase.dll
0x00007ffcf3d90000 - 0x00007ffcf3dab000 	C:\Users\einen\.jdks\openjdk-20.0.1\bin\VCRUNTIME140.dll
0x00007ffd043e0000 - 0x00007ffd043f7000 	C:\Users\einen\.jdks\openjdk-20.0.1\bin\jli.dll
0x00007ffd46620000 - 0x00007ffd467bd000 	C:\Windows\System32\USER32.dll
0x00007ffd45bd0000 - 0x00007ffd45bf2000 	C:\Windows\System32\win32u.dll
0x00007ffd36fd0000 - 0x00007ffd3726a000 	C:\Windows\WinSxS\amd64_microsoft.windows.common-controls_6595b64144ccf1df_6.0.19041.1110_none_60b5254171f9507e\COMCTL32.dll
0x00007ffd467c0000 - 0x00007ffd467ec000 	C:\Windows\System32\GDI32.dll
0x00007ffd47c70000 - 0x00007ffd47d0e000 	C:\Windows\System32\msvcrt.dll
0x00007ffd460e0000 - 0x00007ffd461f5000 	C:\Windows\System32\gdi32full.dll
0x00007ffd46040000 - 0x00007ffd460dd000 	C:\Windows\System32\msvcp_win.dll
0x00007ffd47d10000 - 0x00007ffd47d40000 	C:\Windows\System32\IMM32.DLL
0x00007ffd16230000 - 0x00007ffd1623c000 	C:\Users\einen\.jdks\openjdk-20.0.1\bin\vcruntime140_1.dll
0x00007ffce6600000 - 0x00007ffce668e000 	C:\Users\einen\.jdks\openjdk-20.0.1\bin\msvcp140.dll
0x00007ffc908d0000 - 0x00007ffc91567000 	C:\Users\einen\.jdks\openjdk-20.0.1\bin\server\jvm.dll
0x00007ffd46c80000 - 0x00007ffd46d2f000 	C:\Windows\System32\ADVAPI32.dll
0x00007ffd478c0000 - 0x00007ffd4795c000 	C:\Windows\System32\sechost.dll
0x00007ffd46940000 - 0x00007ffd46a66000 	C:\Windows\System32\RPCRT4.dll
0x00007ffd393a0000 - 0x00007ffd393c7000 	C:\Windows\SYSTEM32\WINMM.dll
0x00007ffd3f200000 - 0x00007ffd3f209000 	C:\Windows\SYSTEM32\WSOCK32.dll
0x00007ffd3f010000 - 0x00007ffd3f01a000 	C:\Windows\SYSTEM32\VERSION.dll
0x00007ffd47480000 - 0x00007ffd474eb000 	C:\Windows\System32\WS2_32.dll
0x00007ffd44420000 - 0x00007ffd44432000 	C:\Windows\SYSTEM32\kernel.appcore.dll
0x00007ffd14dc0000 - 0x00007ffd14dca000 	C:\Users\einen\.jdks\openjdk-20.0.1\bin\jimage.dll
0x00007ffd37e40000 - 0x00007ffd38024000 	C:\Windows\SYSTEM32\DBGHELP.DLL
0x00007ffd2f2f0000 - 0x00007ffd2f324000 	C:\Windows\SYSTEM32\dbgcore.DLL
0x00007ffd45d90000 - 0x00007ffd45e12000 	C:\Windows\System32\bcryptPrimitives.dll
0x00007ffce6f60000 - 0x00007ffce6f86000 	C:\Users\einen\.jdks\openjdk-20.0.1\bin\java.dll
0x00007ffc9ca70000 - 0x00007ffc9cb47000 	C:\Users\einen\.jdks\openjdk-20.0.1\bin\jsvml.dll
0x00007ffd46d30000 - 0x00007ffd47474000 	C:\Windows\System32\SHELL32.dll
0x00007ffd43c70000 - 0x00007ffd44403000 	C:\Windows\SYSTEM32\windows.storage.dll
0x00007ffd47560000 - 0x00007ffd478b4000 	C:\Windows\System32\combase.dll
0x00007ffd45630000 - 0x00007ffd4565e000 	C:\Windows\SYSTEM32\Wldp.dll
0x00007ffd47bc0000 - 0x00007ffd47c6d000 	C:\Windows\System32\SHCORE.dll
0x00007ffd46a80000 - 0x00007ffd46ad5000 	C:\Windows\System32\shlwapi.dll
0x00007ffd45b10000 - 0x00007ffd45b2f000 	C:\Windows\SYSTEM32\profapi.dll
0x00007ffcf33b0000 - 0x00007ffcf33c3000 	C:\Users\einen\.jdks\openjdk-20.0.1\bin\net.dll
0x00007ffd3ced0000 - 0x00007ffd3cfda000 	C:\Windows\SYSTEM32\WINHTTP.dll
0x00007ffd45390000 - 0x00007ffd453fa000 	C:\Windows\system32\mswsock.dll
0x00007ffcb90b0000 - 0x00007ffcb90c6000 	C:\Users\einen\.jdks\openjdk-20.0.1\bin\nio.dll
0x00007ffc9ed90000 - 0x00007ffc9eda8000 	C:\Users\einen\.jdks\openjdk-20.0.1\bin\zip.dll
0x00007ffd0c910000 - 0x00007ffd0c98a000 	C:\Users\einen\AppData\Local\Temp\lwjgl_einen\3.3.2+13\x64\lwjgl.dll
0x00007ffd0c880000 - 0x00007ffd0c902000 	C:\Users\einen\AppData\Local\Temp\lwjgl_einen\3.3.2+13\x64\glfw.dll
0x00007ffd0c830000 - 0x00007ffd0c875000 	C:\Windows\SYSTEM32\dinput8.dll
0x00007ffd01be0000 - 0x00007ffd01bf1000 	C:\Windows\SYSTEM32\xinput1_4.dll
0x00007ffd46500000 - 0x00007ffd4654e000 	C:\Windows\System32\cfgmgr32.dll
0x00007ffd45980000 - 0x00007ffd459ac000 	C:\Windows\SYSTEM32\DEVOBJ.dll
0x00007ffd43520000 - 0x00007ffd4354f000 	C:\Windows\SYSTEM32\dwmapi.dll
0x00007ffd2a830000 - 0x00007ffd2a982000 	C:\Windows\SYSTEM32\inputhost.dll
0x00007ffd46550000 - 0x00007ffd4661d000 	C:\Windows\System32\OLEAUT32.dll
0x00007ffd42d50000 - 0x00007ffd42e42000 	C:\Windows\SYSTEM32\CoreMessaging.dll
0x00007ffd43b00000 - 0x00007ffd43bf6000 	C:\Windows\SYSTEM32\PROPSYS.dll
0x00007ffd42320000 - 0x00007ffd42474000 	C:\Windows\SYSTEM32\wintypes.dll
0x00007ffd429f0000 - 0x00007ffd42d4e000 	C:\Windows\SYSTEM32\CoreUIComponents.dll
0x00007ffd44d80000 - 0x00007ffd44db3000 	C:\Windows\SYSTEM32\ntmarta.dll
0x00007ffd43220000 - 0x00007ffd432be000 	C:\Windows\system32\uxtheme.dll
0x00007ffca0030000 - 0x00007ffca0161000 	C:\ProgramData\A-Volute\DellInc.AlienwareSoundCenter\Modules\ScheduledModules\x64\AudioDevProps2.dll
0x00007ffd482f0000 - 0x00007ffd4841a000 	C:\Windows\System32\ole32.dll
0x00007ffd0c250000 - 0x00007ffd0c2fe000 	C:\ProgramData\A-Volute\DellInc.AlienwareSoundCenter\Modules\ScheduledModules\x64\NahimicOSD.dll
0x00007ffd27700000 - 0x00007ffd27721000 	C:\ProgramData\A-Volute\DellInc.AlienwareSoundCenter\Modules\ScheduledModules\x64\ProductInfo.dll
0x00007ffd46b60000 - 0x00007ffd46c74000 	C:\Windows\System32\MSCTF.dll
0x00007ffd04960000 - 0x00007ffd04a85000 	C:\Windows\SYSTEM32\opengl32.dll
0x00007ffd08a60000 - 0x00007ffd08a8c000 	C:\Windows\SYSTEM32\GLU32.dll
0x00007ffd47b10000 - 0x00007ffd47bb9000 	C:\Windows\System32\clbcatq.dll
0x00007ffc42590000 - 0x00007ffc45ec4000 	C:\Windows\System32\DriverStore\FileRepository\nvdd.inf_amd64_ad96858edfdf0915\nvoglv64.dll
0x00007ffd47e00000 - 0x00007ffd48268000 	C:\Windows\System32\SETUPAPI.dll
0x00007ffd45c00000 - 0x00007ffd45c27000 	C:\Windows\System32\bcrypt.dll
0x00007ffd40e40000 - 0x00007ffd40e54000 	C:\Windows\SYSTEM32\WTSAPI32.dll
0x00007ffd457c0000 - 0x00007ffd457d2000 	C:\Windows\SYSTEM32\msasn1.dll
0x00007ffd3d720000 - 0x00007ffd3d751000 	C:\Windows\SYSTEM32\cryptnet.dll
0x00007ffd45c30000 - 0x00007ffd45d8e000 	C:\Windows\System32\CRYPT32.dll
0x00007ffd3d5a0000 - 0x00007ffd3d6e8000 	C:\Windows\SYSTEM32\drvstore.dll
0x00007ffd45580000 - 0x00007ffd4558c000 	C:\Windows\SYSTEM32\cryptbase.dll
0x00007ffd45e20000 - 0x00007ffd45e87000 	C:\Windows\System32\WINTRUST.dll
0x00007ffd3fa00000 - 0x00007ffd3fa3b000 	C:\Windows\SYSTEM32\dxcore.dll
0x00007ffce6830000 - 0x00007ffce6aff000 	C:\Windows\system32\nvspcap64.dll
0x00007ffd451a0000 - 0x00007ffd451eb000 	C:\Windows\SYSTEM32\powrprof.dll
0x00007ffd45010000 - 0x00007ffd45022000 	C:\Windows\SYSTEM32\UMPDC.dll
0x00007ffd448b0000 - 0x00007ffd44914000 	C:\Windows\SYSTEM32\WINSTA.dll
0x00007ffd35bf0000 - 0x00007ffd35dbd000 	C:\Windows\SYSTEM32\d3d9.dll
0x00007ffd46ae0000 - 0x00007ffd46afd000 	C:\Windows\System32\imagehlp.dll
0x00007ffd45590000 - 0x00007ffd455a8000 	C:\Windows\SYSTEM32\CRYPTSP.dll
0x00007ffd44c40000 - 0x00007ffd44c74000 	C:\Windows\system32\rsaenh.dll
0x00007ffd1d480000 - 0x00007ffd1d57a000 	C:\Windows\SYSTEM32\textinputframework.dll
0x00007ffd0c7d0000 - 0x00007ffd0c82e000 	C:\Users\einen\AppData\Local\Temp\lwjgl_einen\3.3.2+13\x64\lwjgl_opengl.dll

dbghelp: loaded successfully - version: 4.0.5 - missing functions: none
symbol engine: initialized successfully - sym options: 0x614 - pdb path: .;C:\Users\einen\.jdks\openjdk-20.0.1\bin;C:\Windows\SYSTEM32;C:\Windows\WinSxS\amd64_microsoft.windows.common-controls_6595b64144ccf1df_6.0.19041.1110_none_60b5254171f9507e;C:\Users\einen\.jdks\openjdk-20.0.1\bin\server;C:\Users\einen\AppData\Local\Temp\lwjgl_einen\3.3.2+13\x64;C:\ProgramData\A-Volute\DellInc.AlienwareSoundCenter\Modules\ScheduledModules\x64;C:\Windows\System32\DriverStore\FileRepository\nvdd.inf_amd64_ad96858edfdf0915

VM Arguments:
jvm_args: -Dfile.encoding=windows-1252 -Duser.country=GB -Duser.language=en -Duser.variant 
java_command: de.igelstudios.ClientMain
java_class_path (initial): D:\Projects\FunnyInformatik\build\classes\java\main;D:\Projects\FunnyInformatik\build\resources\main;C:\Users\einen\.gradle\caches\modules-2\files-2.1\io.netty\netty-all\4.1.93.Final\408780d8b32ce4510f5408b06efabc2230aaf9b6\netty-all-4.1.93.Final.jar;C:\Users\einen\.gradle\caches\modules-2\files-2.1\org.slf4j\slf4j-api\2.0.7\41eb7184ea9d556f23e18b5cb99cad1f8581fc00\slf4j-api-2.0.7.jar;C:\Users\einen\.gradle\caches\modules-2\files-2.1\org.lwjgl\lwjgl-assimp\3.3.2\e5238c13abef6b0fd6e1b4320d3c8cd0c10bfe61\lwjgl-assimp-3.3.2.jar;C:\Users\einen\.gradle\caches\modules-2\files-2.1\org.lwjgl\lwjgl-assimp\3.3.2\54edbc8767bde24b73187c229dbd552228230c8a\lwjgl-assimp-3.3.2-natives-windows.jar;C:\Users\einen\.gradle\caches\modules-2\files-2.1\org.lwjgl\lwjgl-glfw\3.3.2\757920418805fb90bfebb3d46b1d9e7669fca2eb\lwjgl-glfw-3.3.2.jar;C:\Users\einen\.gradle\caches\modules-2\files-2.1\org.lwjgl\lwjgl-glfw\3.3.2\1251e3cb7e5d6159334cfb9244f789ce992f03b\lwjgl-glfw-3.3.2-natives-windows.jar;C:\Users\einen\.gradle\caches\modules-2\files-2.1\org.lwjgl\lwjgl-nfd\3.3.2\ec66452fad5bf48707cbe96c573c6cc3dd8a7a82\lwjgl-nfd-3.3.2.jar;C:\Users\einen\.gradle\caches\modules-2\files-2.1\org.lwjgl\lwjgl-nfd\3.3.2\12c0041066a97f0c74d0f72db1423ac9ea124275\lwjgl-nfd-3.3.2-natives-windows.jar;C:\Users\einen\.gradle\caches\modules-2\files-2.1\org.lwjgl\lwjgl-openal\3.3.2\ae5357ed6d934546d3533993ea84c0cfb75eed95\lwjgl-openal-3.3.2.jar;C:\Users\einen\.gradle\caches\modules-2\files-2.1\org.lwjgl\lwjgl-openal\3.3.2\e74f299a602192faaf14b917632e4cbbb493c940\lwjgl-openal-3.3.2-natives-windows.jar;C:\Users\einen\.gradle\caches\modules-2\files-2.1\org.lwjgl\lwjgl-opengl\3.3.2\ee8e95be0b438602038bc1f02dc5e3d011b1b216\lwjgl-opengl-3.3.2.jar;C:\Users\einen\.gradle\caches\modules-2\files-2.1\org.lwjgl\lwjgl-opengl\3.3.2\83cd34469d4e0bc335bf74c7f62206530a9480bf\lwjgl-opengl-3.3.2-natives-windows.jar;C:\Users\einen\.gradle\caches\modules-2\files-2.1\org.lwjgl\lwjgl-shaderc\3.3.2\4ee1403751345258489fb971796c2165fbbd2457\lwjgl-shaderc-3.3.2.jar;C:\Users\einen\.gradle\caches\modules-2\files-2.1\org.lwjgl\lwjgl-shaderc\3.3.2\7729834302c5631ee0b3562acc8e75d579698543\lwjgl-shaderc-3.3.2-natives-windows.jar;C:\Users\einen\.gradle\caches\modules-2\files-2.1\org.lwjgl\lwjgl-stb\3.3.2\a2550795014d622b686e9caac50b14baa87d2c70\lwjgl-stb-3.3.2.jar;C:\Users\einen\.gradle\caches\modules-2\files-2.1\org.lwjgl\lwjgl-stb\3.3.2\1c4f4b8353bdb78c5264ab921436f03fc9aa1ba5\lwjgl-stb-3.3.2-natives-windows.jar;C:\Users\einen\.gradle\caches\modules-2\files-2.1\org.lwjgl\lwjgl\3.3.2\4421d94af68e35dcaa31737a6fc59136a1e61b94\lwjgl-3.3.2.jar;C:\Users\einen\.gradle\caches\modules-2\files-2.1\org.lwjgl\lwjgl\3.3.2\a55169ced70ffcd15f2162daf4a9c968578f6cd5\lwjgl-3.3.2-natives-windows.jar;C:\Users\einen\.gradle\caches\modules-2\files-2.1\org.joml\joml\1.10.5\22566d58af70ad3d72308bab63b8339906deb649\joml-1.10.5.jar;C:\Users\einen\.gradle\caches\modules-2\files-2.1\io.netty\netty-transport-native-epoll\4.1.93.Final\1eb7227a9bbf1ef01a9ce975997dc011c2e5e1a1\netty-transport-native-epoll-4.1.93.Final-linux-x86_64.jar;C:\Users\einen\.gradle\caches\modules-2\files-2.1\io.netty\netty-transport-native-epoll\4.1.93.Final\c339d4fcac455ef08b68c70f43cd57eb4a6168e0\netty-transport-native-epoll-4.1.93.Final-linux-aarch_64.jar;C:\Users\einen\.gradle\caches\modules-2\files-2.1\io.netty\netty-transport-native-kqueue\4.1.93.Final\d7c6ed6361dd69cd1d9a39708a0660e4956afb97\netty-transport-native-kqueue-4.1.93.Final-osx-x86_64.jar;C:\Users\einen\.gradle\caches\modules-2\files-2.1\io.netty\netty-transport-native-kqueue\4.1.93.Final\fcb5c1231df58c7577cdb08f2d1d6d61345b14cd\netty-transport-native-kqueue-4.1.93.Final-osx-aarch_64.jar;C:\Users\einen\.gradle\caches\modules-2\files-2.1\io.netty\netty-transport-classes-epoll\4.1.93.Final\79c2d95406bc2ef38c08c34efd16039919db80be\netty-transport-classes-epoll-4.1.93.Final.jar;C:\Users\einen\.gradle\caches\modules-2\files-2.1\io.netty\netty-transport-classes-kqueue\4.1.93.Final\76dbca638eba4dd6b47af23d4a42bc4451cc77e7\netty-transport-classes-kqueue-4.1.93.Final.jar;C:\Users\einen\.gradle\caches\modules-2\files-2.1\io.netty\netty-resolver-dns-native-macos\4.1.93.Final\2497b76bf212ff9bc8d3a6333b7adacfcf897670\netty-resolver-dns-native-macos-4.1.93.Final-osx-x86_64.jar;C:\Users\einen\.gradle\caches\modules-2\files-2.1\io.netty\netty-resolver-dns-native-macos\4.1.93.Final\1bff8b310a34b54fd36bf374c4ccaa85eaeeed88\netty-resolver-dns-native-macos-4.1.93.Final-osx-aarch_64.jar;C:\Users\einen\.gradle\caches\modules-2\files-2.1\io.netty\netty-resolver-dns-classes-macos\4.1.93.Final\9d4350a58b0599e86b7d1ca4054bba1cb26def0f\netty-resolver-dns-classes-macos-4.1.93.Final.jar;C:\Users\einen\.gradle\caches\modules-2\files-2.1\io.netty\netty-resolver-dns\4.1.93.Final\d5560348ab139dc9ea2dd9c0aa8ddffd0bf1b60f\netty-resolver-dns-4.1.93.Final.jar;C:\Users\einen\.gradle\caches\modules-2\files-2.1\io.netty\netty-handler\4.1.93.Final\10f7ed9d8e1bfcba416074c70e5388be96116bfc\netty-handler-4.1.93.Final.jar;C:\Users\einen\.gradle\caches\modules-2\files-2.1\io.netty\netty-transport-native-unix-common\4.1.93.Final\f4fb8b4c8da539091f43abcbb9f0389e48807eea\netty-transport-native-unix-common-4.1.93.Final.jar;C:\Users\einen\.gradle\caches\modules-2\files-2.1\io.netty\netty-codec-dns\4.1.93.Final\a1433e4ae1cc56c0809b5b740ff8800d20b33c36\netty-codec-dns-4.1.93.Final.jar;C:\Users\einen\.gradle\caches\modules-2\files-2.1\io.netty\netty-codec\4.1.93.Final\503badb458b6586632be8d1f81aa4e5ab99a80fc\netty-codec-4.1.93.Final.jar;C:\Users\einen\.gradle\caches\modules-2\files-2.1\io.netty\netty-transport\4.1.93.Final\1a0894915c8027ce83b4d6a811c4e765955efd15\netty-transport-4.1.93.Final.jar;C:\Users\einen\.gradle\caches\modules-2\files-2.1\io.netty\netty-buffer\4.1.93.Final\87fac21f4ef95157866b07b48e3c707a2f13c581\netty-buffer-4.1.93.Final.jar;C:\Users\einen\.gradle\caches\modules-2\files-2.1\io.netty\netty-codec-haproxy\4.1.93.Final\a47f0fc4384663d61a13fe932591ec4ac7641c9f\netty-codec-haproxy-4.1.93.Final.jar;C:\Users\einen\.gradle\caches\modules-2\files-2.1\io.netty\netty-codec-http\4.1.93.Final\36acf0c94d03eb6ecef78a749a32cbb7dc0c57b4\netty-codec-http-4.1.93.Final.jar;C:\Users\einen\.gradle\caches\modules-2\files-2.1\io.netty\netty-codec-http2\4.1.93.Final\f1625b43bde13ec057da0d2fe381ded2547a70e\netty-codec-http2-4.1.93.Final.jar;C:\Users\einen\.gradle\caches\modules-2\files-2.1\io.netty\netty-codec-memcache\4.1.93.Final\1da1ca8b4ee7e4aa911d5343b3c7313c9578b6c\netty-codec-memcache-4.1.93.Final.jar;C:\Users\einen\.gradle\caches\modules-2\files-2.1\io.netty\netty-codec-mqtt\4.1.93.Final\d82c67e7a483871e8923998da67da0d7c885bcd8\netty-codec-mqtt-4.1.93.Final.jar;C:\Users\einen\.gradle\caches\modules-2\files-2.1\io.netty\netty-codec-redis\4.1.93.Final\d03f0f2712b47d7293d998c2cd8520eddce0f6e2\netty-codec-redis-4.1.93.Final.jar;C:\Users\einen\.gradle\caches\modules-2\files-2.1\io.netty\netty-codec-smtp\4.1.93.Final\a5a7f4404dfd492a41f6a04a109ed63d6ffd6037\netty-codec-smtp-4.1.93.Final.jar;C:\Users\einen\.gradle\caches\modules-2\files-2.1\io.netty\netty-codec-socks\4.1.93.Final\81ca78969afc60073e47c3b7b361cc3839392c73\netty-codec-socks-4.1.93.Final.jar;C:\Users\einen\.gradle\caches\modules-2\files-2.1\io.netty\netty-codec-stomp\4.1.93.Final\5a14c3a17fbe825c9253849a27a6024842c64193\netty-codec-stomp-4.1.93.Final.jar;C:\Users\einen\.gradle\caches\modules-2\files-2.1\io.netty\netty-codec-xml\4.1.93.Final\b6b1b99fc50a59a827fa866f0a4da59836f287bb\netty-codec-xml-4.1.93.Final.jar;C:\Users\einen\.gradle\caches\modules-2\files-2.1\io.netty\netty-resolver\4.1.93.Final\3860e99075f9e078364ed38f6d6fc8825b7a168a\netty-resolver-4.1.93.Final.jar;C:\Users\einen\.gradle\caches\modules-2\files-2.1\io.netty\netty-common\4.1.93.Final\1cfc49b91b0d3ddb30c9f7d8467e5d02ae8babdf\netty-common-4.1.93.Final.jar;C:\Users\einen\.gradle\caches\modules-2\files-2.1\io.netty\netty-handler-proxy\4.1.93.Final\c165c1efe1b9c0cc22546a057b530611a088768b\netty-handler-proxy-4.1.93.Final.jar;C:\Users\einen\.gradle\caches\modules-2\files-2.1\io.netty\netty-handler-ssl-ocsp\4.1.93.Final\bfffb2aeb9676e9a68553d551fda8ba41580767c\netty-handler-ssl-ocsp-4.1.93.Final.jar;C:\Users\einen\.gradle\caches\modules-2\files-2.1\io.netty\netty-transport-rxtx\4.1.93.Final\f1448fe0a38ce20db8c6a7d3baa4be374e6b8af4\netty-transport-rxtx-4.1.93.Final.jar;C:\Users\einen\.gradle\caches\modules-2\files-2.1\io.netty\netty-transport-sctp\4.1.93.Final\7ffc6531b229123900b2b8cc98ba8c7621b1a9f0\netty-transport-sctp-4.1.93.Final.jar;C:\Users\einen\.gradle\caches\modules-2\files-2.1\io.netty\netty-transport-udt\4.1.93.Final\a6d48986c1e88ba1cb7290ec1210d653948ed2c5\netty-transport-udt-4.1.93.Final.jar
Launcher Type: SUN_STANDARD

[Global flags]
     intx CICompilerCount                          = 12                                        {product} {ergonomic}
     uint ConcGCThreads                            = 3                                         {product} {ergonomic}
     uint G1ConcRefinementThreads                  = 13                                        {product} {ergonomic}
   size_t G1HeapRegionSize                         = 8388608                                   {product} {ergonomic}
    uintx GCDrainStackTargetSize                   = 64                                        {product} {ergonomic}
   size_t InitialHeapSize                          = 805306368                                 {product} {ergonomic}
   size_t MarkStackSize                            = 4194304                                   {product} {ergonomic}
   size_t MaxHeapSize                              = 12826181632                               {product} {ergonomic}
   size_t MaxNewSize                               = 7692353536                                {product} {ergonomic}
   size_t MinHeapDeltaBytes                        = 8388608                                   {product} {ergonomic}
   size_t MinHeapSize                              = 8388608                                   {product} {ergonomic}
    uintx NonNMethodCodeHeapSize                   = 7602480                                {pd product} {ergonomic}
    uintx NonProfiledCodeHeapSize                  = 122027880                              {pd product} {ergonomic}
    uintx ProfiledCodeHeapSize                     = 122027880                              {pd product} {ergonomic}
    uintx ReservedCodeCacheSize                    = 251658240                              {pd product} {ergonomic}
     bool SegmentedCodeCache                       = true                                      {product} {ergonomic}
   size_t SoftMaxHeapSize                          = 12826181632                            {manageable} {ergonomic}
     bool UseCompressedClassPointers               = true                           {product lp64_product} {ergonomic}
     bool UseCompressedOops                        = true                           {product lp64_product} {ergonomic}
     bool UseG1GC                                  = true                                      {product} {ergonomic}
     bool UseLargePagesIndividualAllocation        = false                                  {pd product} {ergonomic}

Logging:
Log output configuration:
 #0: stdout all=warning uptime,level,tags foldmultilines=false
 #1: stderr all=off uptime,level,tags foldmultilines=false

Environment Variables:
PATH=C:\VulkanSDK\1.3.243.0\Bin;C:\Program Files\NVIDIA GPU Computing Toolkit\CUDA\v12.0\bin;C:\Program Files\NVIDIA GPU Computing Toolkit\CUDA\v12.0\libnvvp;C:\Program Files\Microsoft\jdk-11.0.12.7-hotspot\bin;C:\Program Files\Common Files\Oracle\Java\javapath;C:\Program Files\Eclipse Foundation\jdk-16.0.2.7-hotspot\bin;C:\Program Files (x86)\Common Files\Oracle\Java\javapath;C:\Windows\system32;C:\Windows;C:\Windows\System32\Wbem;C:\Windows\System32\WindowsPowerShell\v1.0\;C:\Windows\System32\OpenSSH\;C:\Program Files\NVIDIA Corporation\NVIDIA NvDLISR;C:\Program Files\dotnet\;C:\Program Files\Git\cmd;C:\Program Files (x86)\Certbot\bin;C:\Program Files (x86)\NVIDIA Corporation\PhysX\Common;C:\Program Files\nodejs\;C:\Program Files\NVIDIA Corporation\Nsight Compute 2022.4.0\;C:\Program Files\apache-maven-3.9.1\bin;D:\Program Files\CMake\bin;C:\Users\einen\AppData\Local\Programs\Python\Python311\Scripts\;C:\Users\einen\AppData\Local\Programs\Python\Python311\;C:\Users\einen\AppData\Local\Microsoft\WindowsApps;C:\Users\einen\AppData\Local\atom\bin;C:\Users\einen\AppData\Local\GitHubDesktop\bin;C:\Program Files\JetBrains\IntelliJ IDEA Community Edition 2023.1\bin;;C:\Program Files (x86)\Nmap;C:\xampp\php;C:\Users\einen\AppData\Local\ComposerSetup\bin;C:\Users\einen\AppData\Roaming\Composer\vendor\bin;C:\Users\einen\AppData\Local\Programs\Microsoft VS Code\bin;C:\Users\einen\.dotnet\tools;D:\msys64\mingw64\bin;C:\Users\einen\AppData\Roaming\npm;C:\Program Files\apache-maven-3.9.1\bin;C:\pmd-bin-7.0.0-rc2\bin;
USERNAME=einen
OS=Windows_NT
PROCESSOR_IDENTIFIER=Intel64 Family 6 Model 165 Stepping 5, GenuineIntel
TMP=C:\Users\einen\AppData\Local\Temp
TEMP=C:\Users\einen\AppData\Local\Temp




---------------  S Y S T E M  ---------------

OS:
 Windows 10 , 64 bit Build 19041 (10.0.19041.2913)
OS uptime: 20 days 10:34 hours

CPU: total 16 (initial active 16) (8 cores per cpu, 2 threads per core) family 6 model 165 stepping 5 microcode 0xf0, cx8, cmov, fxsr, ht, mmx, 3dnowpref, sse, sse2, sse3, ssse3, sse4.1, sse4.2, popcnt, lzcnt, tsc, tscinvbit, avx, avx2, aes, erms, clmul, bmi1, bmi2, adx, fma, vzeroupper, clflush, clflushopt, rdtscp, f16c, pku

Memory: 4k page, system-wide physical 48922M (30069M free)
TotalPageFile size 56090M (AvailPageFile size 29961M)
current process WorkingSet (physical memory assigned to process): 89M, peak: 89M
current process commit charge ("private bytes"): 922M, peak: 923M

vm_info: OpenJDK 64-Bit Server VM (20.0.1+9-29) for windows-amd64 JRE (20.0.1+9-29), built on 2023-03-07T13:56:11Z by "mach5one" with MS VC++ 17.1 (VS2022)

END.
